# JRE version: OpenJDK Runtime Environment Temurin-21.0.7+6 (21.0.7+6) (build 21.0.7+6-LTS)
# Java VM: OpenJDK 64-Bit Server VM Temurin-21.0.7+6 (21.0.7+6-LTS, mixed mode, sharing, tiered, compressed oops, compressed class ptrs, parallel gc, windows-amd64)
GC Precious Log:
 CardTable entry size: 512
 CPUs: 8 total, 8 available
 Memory: 6091M
 Large Page Support: Disabled
 NUMA Support: Disabled
 Compressed Oops: Enabled (32-bit)
 Alignments: Space 512K, Generation 512K, Heap 2M
 Heap Min Capacity: 100M
 Heap Initial Capacity: 100M
 Heap Max Capacity: 1G
 Pre-touch: Disabled
 Parallel Workers: 8
Heap:
 PSYoungGen      total 3584K, used 1067K [0x00000000eab00000, 0x00000000eaf80000, 0x0000000100000000)
  eden space 2560K, 15% used [0x00000000eab00000,0x00000000eab62e70,0x00000000ead80000)
  from space 1024K, 65% used [0x00000000ead80000,0x00000000eae28000,0x00000000eae80000)
  to   space 1024K, 0% used [0x00000000eae80000,0x00000000eae80000,0x00000000eaf80000)
 ParOldGen       total 273408K, used 273174K [0x00000000c0000000, 0x00000000d0b00000, 0x00000000eab00000)
  object space 273408K, 99% used [0x00000000c0000000,0x00000000d0ac5810,0x00000000d0b00000)
 Metaspace       used 63891K, committed 65344K, reserved 1114112K
  class space    used 6354K, committed 6976K, reserved 1048576K
GC Heap History (20 events):
Event: 42.930 GC heap before
{Heap before GC invocations=275 (full 3):
 PSYoungGen      total 3584K, used 3168K [0x00000000eab00000, 0x00000000eaf80000, 0x0000000100000000)
  eden space 2560K, 100% used [0x00000000eab00000,0x00000000ead80000,0x00000000ead80000)
  from space 1024K, 59% used [0x00000000ead80000,0x00000000eae18000,0x00000000eae80000)
  to   space 1024K, 0% used [0x00000000eae80000,0x00000000eae80000,0x00000000eaf80000)
 ParOldGen       total 267776K, used 267337K [0x00000000c0000000, 0x00000000d0580000, 0x00000000eab00000)
  object space 267776K, 99% used [0x00000000c0000000,0x00000000d0512420,0x00000000d0580000)
 Metaspace       used 63604K, committed 65024K, reserved 1114112K
  class space    used 6316K, committed 6912K, reserved 1048576K
}
Event: 42.935 GC heap after
{Heap after GC invocations=275 (full 3):
 PSYoungGen      total 3584K, used 768K [0x00000000eab00000, 0x00000000eaf80000, 0x0000000100000000)
  eden space 2560K, 0% used [0x00000000eab00000,0x00000000eab00000,0x00000000ead80000)
  from space 1024K, 75% used [0x00000000eae80000,0x00000000eaf40000,0x00000000eaf80000)
  to   space 1024K, 0% used [0x00000000ead80000,0x00000000ead80000,0x00000000eae80000)
 ParOldGen       total 268288K, used 267838K [0x00000000c0000000, 0x00000000d0600000, 0x00000000eab00000)
  object space 268288K, 99% used [0x00000000c0000000,0x00000000d058f868,0x00000000d0600000)
 Metaspace       used 63604K, committed 65024K, reserved 1114112K
  class space    used 6316K, committed 6912K, reserved 1048576K
}
Event: 42.956 GC heap before
{Heap before GC invocations=276 (full 3):
 PSYoungGen      total 3584K, used 3328K [0x00000000eab00000, 0x00000000eaf80000, 0x0000000100000000)
  eden space 2560K, 100% used [0x00000000eab00000,0x00000000ead80000,0x00000000ead80000)
  from space 1024K, 75% used [0x00000000eae80000,0x00000000eaf40000,0x00000000eaf80000)
  to   space 1024K, 0% used [0x00000000ead80000,0x00000000ead80000,0x00000000eae80000)
 ParOldGen       total 268288K, used 267838K [0x00000000c0000000, 0x00000000d0600000, 0x00000000eab00000)
  object space 268288K, 99% used [0x00000000c0000000,0x00000000d058f868,0x00000000d0600000)
 Metaspace       used 63620K, committed 65024K, reserved 1114112K
  class space    used 6319K, committed 6912K, reserved 1048576K
}
Event: 42.960 GC heap after
{Heap after GC invocations=276 (full 3):
 PSYoungGen      total 3584K, used 764K [0x00000000eab00000, 0x00000000eaf80000, 0x0000000100000000)
  eden space 2560K, 0% used [0x00000000eab00000,0x00000000eab00000,0x00000000ead80000)
  from space 1024K, 74% used [0x00000000ead80000,0x00000000eae3f340,0x00000000eae80000)
  to   space 1024K, 0% used [0x00000000eae80000,0x00000000eae80000,0x00000000eaf80000)
 ParOldGen       total 268800K, used 268354K [0x00000000c0000000, 0x00000000d0680000, 0x00000000eab00000)
  object space 268800K, 99% used [0x00000000c0000000,0x00000000d0610838,0x00000000d0680000)
 Metaspace       used 63620K, committed 65024K, reserved 1114112K
  class space    used 6319K, committed 6912K, reserved 1048576K
}
Event: 43.003 GC heap before
{Heap before GC invocations=277 (full 3):
 PSYoungGen      total 3584K, used 3323K [0x00000000eab00000, 0x00000000eaf80000, 0x0000000100000000)
  eden space 2560K, 99% used [0x00000000eab00000,0x00000000ead7fb60,0x00000000ead80000)
  from space 1024K, 74% used [0x00000000ead80000,0x00000000eae3f340,0x00000000eae80000)
  to   space 1024K, 0% used [0x00000000eae80000,0x00000000eae80000,0x00000000eaf80000)
 ParOldGen       total 268800K, used 268354K [0x00000000c0000000, 0x00000000d0680000, 0x00000000eab00000)
  object space 268800K, 99% used [0x00000000c0000000,0x00000000d0610838,0x00000000d0680000)
 Metaspace       used 63641K, committed 65024K, reserved 1114112K
  class space    used 6322K, committed 6912K, reserved 1048576K
}
Event: 43.007 GC heap after
{Heap after GC invocations=277 (full 3):
 PSYoungGen      total 3584K, used 704K [0x00000000eab00000, 0x00000000eaf80000, 0x0000000100000000)
  eden space 2560K, 0% used [0x00000000eab00000,0x00000000eab00000,0x00000000ead80000)
  from space 1024K, 68% used [0x00000000eae80000,0x00000000eaf30000,0x00000000eaf80000)
  to   space 1024K, 0% used [0x00000000ead80000,0x00000000ead80000,0x00000000eae80000)
 ParOldGen       total 269312K, used 268810K [0x00000000c0000000, 0x00000000d0700000, 0x00000000eab00000)
  object space 269312K, 99% used [0x00000000c0000000,0x00000000d0682bc8,0x00000000d0700000)
 Metaspace       used 63641K, committed 65024K, reserved 1114112K
  class space    used 6322K, committed 6912K, reserved 1048576K
}
Event: 43.034 GC heap before
{Heap before GC invocations=278 (full 3):
 PSYoungGen      total 3584K, used 3264K [0x00000000eab00000, 0x00000000eaf80000, 0x0000000100000000)
  eden space 2560K, 100% used [0x00000000eab00000,0x00000000ead80000,0x00000000ead80000)
  from space 1024K, 68% used [0x00000000eae80000,0x00000000eaf30000,0x00000000eaf80000)
  to   space 1024K, 0% used [0x00000000ead80000,0x00000000ead80000,0x00000000eae80000)
 ParOldGen       total 269312K, used 268810K [0x00000000c0000000, 0x00000000d0700000, 0x00000000eab00000)
  object space 269312K, 99% used [0x00000000c0000000,0x00000000d0682bc8,0x00000000d0700000)
 Metaspace       used 63686K, committed 65088K, reserved 1114112K
  class space    used 6326K, committed 6912K, reserved 1048576K
}
Event: 43.039 GC heap after
{Heap after GC invocations=278 (full 3):
 PSYoungGen      total 3584K, used 701K [0x00000000eab00000, 0x00000000eaf80000, 0x0000000100000000)
  eden space 2560K, 0% used [0x00000000eab00000,0x00000000eab00000,0x00000000ead80000)
  from space 1024K, 68% used [0x00000000ead80000,0x00000000eae2f670,0x00000000eae80000)
  to   space 1024K, 0% used [0x00000000eae80000,0x00000000eae80000,0x00000000eaf80000)
 ParOldGen       total 269824K, used 269347K [0x00000000c0000000, 0x00000000d0780000, 0x00000000eab00000)
  object space 269824K, 99% used [0x00000000c0000000,0x00000000d0708c08,0x00000000d0780000)
 Metaspace       used 63686K, committed 65088K, reserved 1114112K
  class space    used 6326K, committed 6912K, reserved 1048576K
}
Event: 43.063 GC heap before
{Heap before GC invocations=279 (full 3):
 PSYoungGen      total 3584K, used 3261K [0x00000000eab00000, 0x00000000eaf80000, 0x0000000100000000)
  eden space 2560K, 100% used [0x00000000eab00000,0x00000000ead80000,0x00000000ead80000)
  from space 1024K, 68% used [0x00000000ead80000,0x00000000eae2f670,0x00000000eae80000)
  to   space 1024K, 0% used [0x00000000eae80000,0x00000000eae80000,0x00000000eaf80000)
 ParOldGen       total 269824K, used 269347K [0x00000000c0000000, 0x00000000d0780000, 0x00000000eab00000)
  object space 269824K, 99% used [0x00000000c0000000,0x00000000d0708c08,0x00000000d0780000)
 Metaspace       used 63736K, committed 65152K, reserved 1114112K
  class space    used 6336K, committed 6976K, reserved 1048576K
}
Event: 43.067 GC heap after
{Heap after GC invocations=279 (full 3):
 PSYoungGen      total 3584K, used 647K [0x00000000eab00000, 0x00000000eaf80000, 0x0000000100000000)
  eden space 2560K, 0% used [0x00000000eab00000,0x00000000eab00000,0x00000000ead80000)
  from space 1024K, 63% used [0x00000000eae80000,0x00000000eaf21e40,0x00000000eaf80000)
  to   space 1024K, 0% used [0x00000000ead80000,0x00000000ead80000,0x00000000eae80000)
 ParOldGen       total 270336K, used 269904K [0x00000000c0000000, 0x00000000d0800000, 0x00000000eab00000)
  object space 270336K, 99% used [0x00000000c0000000,0x00000000d0794008,0x00000000d0800000)
 Metaspace       used 63736K, committed 65152K, reserved 1114112K
  class space    used 6336K, committed 6976K, reserved 1048576K
}
Event: 43.115 GC heap before
{Heap before GC invocations=280 (full 3):
 PSYoungGen      total 3584K, used 3207K [0x00000000eab00000, 0x00000000eaf80000, 0x0000000100000000)
  eden space 2560K, 100% used [0x00000000eab00000,0x00000000ead80000,0x00000000ead80000)
  from space 1024K, 63% used [0x00000000eae80000,0x00000000eaf21e40,0x00000000eaf80000)
  to   space 1024K, 0% used [0x00000000ead80000,0x00000000ead80000,0x00000000eae80000)
 ParOldGen       total 270336K, used 269904K [0x00000000c0000000, 0x00000000d0800000, 0x00000000eab00000)
  object space 270336K, 99% used [0x00000000c0000000,0x00000000d0794008,0x00000000d0800000)
 Metaspace       used 63786K, committed 65216K, reserved 1114112K
  class space    used 6345K, committed 6976K, reserved 1048576K
}
Event: 43.122 GC heap after
{Heap after GC invocations=280 (full 3):
 PSYoungGen      total 3584K, used 666K [0x00000000eab00000, 0x00000000eaf80000, 0x0000000100000000)
  eden space 2560K, 0% used [0x00000000eab00000,0x00000000eab00000,0x00000000ead80000)
  from space 1024K, 65% used [0x00000000ead80000,0x00000000eae26b40,0x00000000eae80000)
  to   space 1024K, 0% used [0x00000000eae80000,0x00000000eae80000,0x00000000eaf80000)
 ParOldGen       total 270848K, used 270420K [0x00000000c0000000, 0x00000000d0880000, 0x00000000eab00000)
  object space 270848K, 99% used [0x00000000c0000000,0x00000000d0815310,0x00000000d0880000)
 Metaspace       used 63786K, committed 65216K, reserved 1114112K
  class space    used 6345K, committed 6976K, reserved 1048576K
}
Event: 43.161 GC heap before
{Heap before GC invocations=281 (full 3):
 PSYoungGen      total 3584K, used 3226K [0x00000000eab00000, 0x00000000eaf80000, 0x0000000100000000)
  eden space 2560K, 100% used [0x00000000eab00000,0x00000000ead80000,0x00000000ead80000)
  from space 1024K, 65% used [0x00000000ead80000,0x00000000eae26b40,0x00000000eae80000)
  to   space 1024K, 0% used [0x00000000eae80000,0x00000000eae80000,0x00000000eaf80000)
 ParOldGen       total 270848K, used 270420K [0x00000000c0000000, 0x00000000d0880000, 0x00000000eab00000)
  object space 270848K, 99% used [0x00000000c0000000,0x00000000d0815310,0x00000000d0880000)
 Metaspace       used 63813K, committed 65216K, reserved 1114112K
  class space    used 6346K, committed 6976K, reserved 1048576K
}
Event: 43.166 GC heap after
{Heap after GC invocations=281 (full 3):
 PSYoungGen      total 3584K, used 576K [0x00000000eab00000, 0x00000000eaf80000, 0x0000000100000000)
  eden space 2560K, 0% used [0x00000000eab00000,0x00000000eab00000,0x00000000ead80000)
  from space 1024K, 56% used [0x00000000eae80000,0x00000000eaf10000,0x00000000eaf80000)
  to   space 1024K, 0% used [0x00000000ead80000,0x00000000ead80000,0x00000000eae80000)
 ParOldGen       total 271360K, used 270983K [0x00000000c0000000, 0x00000000d0900000, 0x00000000eab00000)
  object space 271360K, 99% used [0x00000000c0000000,0x00000000d08a1d98,0x00000000d0900000)
 Metaspace       used 63813K, committed 65216K, reserved 1114112K
  class space    used 6346K, committed 6976K, reserved 1048576K
}
Event: 43.183 GC heap before
{Heap before GC invocations=282 (full 3):
 PSYoungGen      total 3584K, used 3136K [0x00000000eab00000, 0x00000000eaf80000, 0x0000000100000000)
  eden space 2560K, 100% used [0x00000000eab00000,0x00000000ead80000,0x00000000ead80000)
  from space 1024K, 56% used [0x00000000eae80000,0x00000000eaf10000,0x00000000eaf80000)
  to   space 1024K, 0% used [0x00000000ead80000,0x00000000ead80000,0x00000000eae80000)
 ParOldGen       total 271360K, used 270983K [0x00000000c0000000, 0x00000000d0900000, 0x00000000eab00000)
  object space 271360K, 99% used [0x00000000c0000000,0x00000000d08a1d98,0x00000000d0900000)
 Metaspace       used 63816K, committed 65216K, reserved 1114112K
  class space    used 6346K, committed 6976K, reserved 1048576K
}
Event: 43.187 GC heap after
{Heap after GC invocations=282 (full 3):
 PSYoungGen      total 3584K, used 640K [0x00000000eab00000, 0x00000000eaf80000, 0x0000000100000000)
  eden space 2560K, 0% used [0x00000000eab00000,0x00000000eab00000,0x00000000ead80000)
  from space 1024K, 62% used [0x00000000ead80000,0x00000000eae20000,0x00000000eae80000)
  to   space 1024K, 0% used [0x00000000eae80000,0x00000000eae80000,0x00000000eaf80000)
 ParOldGen       total 271872K, used 271394K [0x00000000c0000000, 0x00000000d0980000, 0x00000000eab00000)
  object space 271872K, 99% used [0x00000000c0000000,0x00000000d09088a0,0x00000000d0980000)
 Metaspace       used 63816K, committed 65216K, reserved 1114112K
  class space    used 6346K, committed 6976K, reserved 1048576K
}
Event: 43.225 GC heap before
{Heap before GC invocations=283 (full 3):
 PSYoungGen      total 3584K, used 3200K [0x00000000eab00000, 0x00000000eaf80000, 0x0000000100000000)
  eden space 2560K, 100% used [0x00000000eab00000,0x00000000ead80000,0x00000000ead80000)
  from space 1024K, 62% used [0x00000000ead80000,0x00000000eae20000,0x00000000eae80000)
  to   space 1024K, 0% used [0x00000000eae80000,0x00000000eae80000,0x00000000eaf80000)
 ParOldGen       total 271872K, used 271394K [0x00000000c0000000, 0x00000000d0980000, 0x00000000eab00000)
  object space 271872K, 99% used [0x00000000c0000000,0x00000000d09088a0,0x00000000d0980000)
 Metaspace       used 63823K, committed 65280K, reserved 1114112K
  class space    used 6346K, committed 6976K, reserved 1048576K
}
Event: 43.233 GC heap after
{Heap after GC invocations=283 (full 3):
 PSYoungGen      total 3584K, used 736K [0x00000000eab00000, 0x00000000eaf80000, 0x0000000100000000)
  eden space 2560K, 0% used [0x00000000eab00000,0x00000000eab00000,0x00000000ead80000)
  from space 1024K, 71% used [0x00000000eae80000,0x00000000eaf38000,0x00000000eaf80000)
  to   space 1024K, 0% used [0x00000000ead80000,0x00000000ead80000,0x00000000eae80000)
 ParOldGen       total 271872K, used 271806K [0x00000000c0000000, 0x00000000d0980000, 0x00000000eab00000)
  object space 271872K, 99% used [0x00000000c0000000,0x00000000d096f8b0,0x00000000d0980000)
 Metaspace       used 63823K, committed 65280K, reserved 1114112K
  class space    used 6346K, committed 6976K, reserved 1048576K
}
Event: 43.286 GC heap before
{Heap before GC invocations=284 (full 3):
 PSYoungGen      total 3584K, used 3296K [0x00000000eab00000, 0x00000000eaf80000, 0x0000000100000000)
  eden space 2560K, 100% used [0x00000000eab00000,0x00000000ead80000,0x00000000ead80000)
  from space 1024K, 71% used [0x00000000eae80000,0x00000000eaf38000,0x00000000eaf80000)
  to   space 1024K, 0% used [0x00000000ead80000,0x00000000ead80000,0x00000000eae80000)
 ParOldGen       total 271872K, used 271806K [0x00000000c0000000, 0x00000000d0980000, 0x00000000eab00000)
  object space 271872K, 99% used [0x00000000c0000000,0x00000000d096f8b0,0x00000000d0980000)
 Metaspace       used 63838K, committed 65280K, reserved 1114112K
  class space    used 6346K, committed 6976K, reserved 1048576K
}
Event: 43.292 GC heap after
{Heap after GC invocations=284 (full 3):
 PSYoungGen      total 3584K, used 384K [0x00000000eab00000, 0x00000000eaf80000, 0x0000000100000000)
  eden space 2560K, 0% used [0x00000000eab00000,0x00000000eab00000,0x00000000ead80000)
  from space 1024K, 37% used [0x00000000ead80000,0x00000000eade0000,0x00000000eae80000)
  to   space 1024K, 0% used [0x00000000eae80000,0x00000000eae80000,0x00000000eaf80000)
 ParOldGen       total 272384K, used 272341K [0x00000000c0000000, 0x00000000d0a00000, 0x00000000eab00000)
  object space 272384K, 99% used [0x00000000c0000000,0x00000000d09f5428,0x00000000d0a00000)
 Metaspace       used 63838K, committed 65280K, reserved 1114112K
  class space    used 6346K, committed 6976K, reserved 1048576K
}

