# JRE version: OpenJDK Runtime Environment Temurin-21.0.7+6 (21.0.7+6) (build 21.0.7+6-LTS)
# Java VM: OpenJDK 64-Bit Server VM Temurin-21.0.7+6 (21.0.7+6-LTS, mixed mode, sharing, tiered, compressed oops, compressed class ptrs, parallel gc, windows-amd64)
GC Precious Log:
 CardTable entry size: 512
 CPUs: 8 total, 8 available
 Memory: 6091M
 Large Page Support: Disabled
 NUMA Support: Disabled
 Compressed Oops: Enabled (32-bit)
 Alignments: Space 512K, Generation 512K, Heap 2M
 Heap Min Capacity: 100M
 Heap Initial Capacity: 100M
 Heap Max Capacity: 1G
 Pre-touch: Disabled
 Parallel Workers: 8
Heap:
 PSYoungGen      total 3584K, used 3579K [0x00000000eab00000, 0x00000000eb280000, 0x0000000100000000)
  eden space 2560K, 100% used [0x00000000eab00000,0x00000000ead80000,0x00000000ead80000)
  from space 1024K, 99% used [0x00000000ead80000,0x00000000eae7ef18,0x00000000eae80000)
  to   space 2560K, 28% used [0x00000000eb000000,0x00000000eb0b38e8,0x00000000eb280000)
 ParOldGen       total 310272K, used 310071K [0x00000000c0000000, 0x00000000d2f00000, 0x00000000eab00000)
  object space 310272K, 99% used [0x00000000c0000000,0x00000000d2ecdd68,0x00000000d2f00000)
 Metaspace       used 65574K, committed 67136K, reserved 1114112K
  class space    used 6560K, committed 7296K, reserved 1048576K
GC Heap History (20 events):
Event: 24.100 GC heap before
{Heap before GC invocations=401 (full 3):
 PSYoungGen      total 3584K, used 3040K [0x00000000eab00000, 0x00000000eaf80000, 0x0000000100000000)
  eden space 2560K, 100% used [0x00000000eab00000,0x00000000ead80000,0x00000000ead80000)
  from space 1024K, 46% used [0x00000000ead80000,0x00000000eadf8000,0x00000000eae80000)
  to   space 1024K, 0% used [0x00000000eae80000,0x00000000eae80000,0x00000000eaf80000)
 ParOldGen       total 305152K, used 304700K [0x00000000c0000000, 0x00000000d2a00000, 0x00000000eab00000)
  object space 305152K, 99% used [0x00000000c0000000,0x00000000d298f160,0x00000000d2a00000)
 Metaspace       used 65520K, committed 67072K, reserved 1114112K
  class space    used 6553K, committed 7296K, reserved 1048576K
}
Event: 24.103 GC heap after
{Heap after GC invocations=401 (full 3):
 PSYoungGen      total 3584K, used 576K [0x00000000eab00000, 0x00000000eaf80000, 0x0000000100000000)
  eden space 2560K, 0% used [0x00000000eab00000,0x00000000eab00000,0x00000000ead80000)
  from space 1024K, 56% used [0x00000000eae80000,0x00000000eaf10000,0x00000000eaf80000)
  to   space 1024K, 0% used [0x00000000ead80000,0x00000000ead80000,0x00000000eae80000)
 ParOldGen       total 305152K, used 305022K [0x00000000c0000000, 0x00000000d2a00000, 0x00000000eab00000)
  object space 305152K, 99% used [0x00000000c0000000,0x00000000d29dfbf8,0x00000000d2a00000)
 Metaspace       used 65520K, committed 67072K, reserved 1114112K
  class space    used 6553K, committed 7296K, reserved 1048576K
}
Event: 24.155 GC heap before
{Heap before GC invocations=402 (full 3):
 PSYoungGen      total 3584K, used 3135K [0x00000000eab00000, 0x00000000eaf80000, 0x0000000100000000)
  eden space 2560K, 99% used [0x00000000eab00000,0x00000000ead7ff00,0x00000000ead80000)
  from space 1024K, 56% used [0x00000000eae80000,0x00000000eaf10000,0x00000000eaf80000)
  to   space 1024K, 0% used [0x00000000ead80000,0x00000000ead80000,0x00000000eae80000)
 ParOldGen       total 305152K, used 305022K [0x00000000c0000000, 0x00000000d2a00000, 0x00000000eab00000)
  object space 305152K, 99% used [0x00000000c0000000,0x00000000d29dfbf8,0x00000000d2a00000)
 Metaspace       used 65553K, committed 67136K, reserved 1114112K
  class space    used 6556K, committed 7296K, reserved 1048576K
}
Event: 24.158 GC heap after
{Heap after GC invocations=402 (full 3):
 PSYoungGen      total 3584K, used 565K [0x00000000eab00000, 0x00000000eaf80000, 0x0000000100000000)
  eden space 2560K, 0% used [0x00000000eab00000,0x00000000eab00000,0x00000000ead80000)
  from space 1024K, 55% used [0x00000000ead80000,0x00000000eae0d458,0x00000000eae80000)
  to   space 1024K, 0% used [0x00000000eae80000,0x00000000eae80000,0x00000000eaf80000)
 ParOldGen       total 305664K, used 305472K [0x00000000c0000000, 0x00000000d2a80000, 0x00000000eab00000)
  object space 305664K, 99% used [0x00000000c0000000,0x00000000d2a50070,0x00000000d2a80000)
 Metaspace       used 65553K, committed 67136K, reserved 1114112K
  class space    used 6556K, committed 7296K, reserved 1048576K
}
Event: 24.175 GC heap before
{Heap before GC invocations=403 (full 3):
 PSYoungGen      total 3584K, used 2950K [0x00000000eab00000, 0x00000000eaf80000, 0x0000000100000000)
  eden space 2560K, 93% used [0x00000000eab00000,0x00000000ead54760,0x00000000ead80000)
  from space 1024K, 55% used [0x00000000ead80000,0x00000000eae0d458,0x00000000eae80000)
  to   space 1024K, 0% used [0x00000000eae80000,0x00000000eae80000,0x00000000eaf80000)
 ParOldGen       total 305664K, used 305472K [0x00000000c0000000, 0x00000000d2a80000, 0x00000000eab00000)
  object space 305664K, 99% used [0x00000000c0000000,0x00000000d2a50070,0x00000000d2a80000)
 Metaspace       used 65553K, committed 67136K, reserved 1114112K
  class space    used 6556K, committed 7296K, reserved 1048576K
}
Event: 24.180 GC heap after
{Heap after GC invocations=403 (full 3):
 PSYoungGen      total 3072K, used 256K [0x00000000eab00000, 0x00000000eaf00000, 0x0000000100000000)
  eden space 2560K, 0% used [0x00000000eab00000,0x00000000eab00000,0x00000000ead80000)
  from space 512K, 50% used [0x00000000eae80000,0x00000000eaec0000,0x00000000eaf00000)
  to   space 512K, 0% used [0x00000000eae00000,0x00000000eae00000,0x00000000eae80000)
 ParOldGen       total 306176K, used 305976K [0x00000000c0000000, 0x00000000d2b00000, 0x00000000eab00000)
  object space 306176K, 99% used [0x00000000c0000000,0x00000000d2ace2c0,0x00000000d2b00000)
 Metaspace       used 65553K, committed 67136K, reserved 1114112K
  class space    used 6556K, committed 7296K, reserved 1048576K
}
Event: 24.242 GC heap before
{Heap before GC invocations=404 (full 3):
 PSYoungGen      total 3072K, used 2785K [0x00000000eab00000, 0x00000000eaf00000, 0x0000000100000000)
  eden space 2560K, 98% used [0x00000000eab00000,0x00000000ead78490,0x00000000ead80000)
  from space 512K, 50% used [0x00000000eae80000,0x00000000eaec0000,0x00000000eaf00000)
  to   space 512K, 0% used [0x00000000eae00000,0x00000000eae00000,0x00000000eae80000)
 ParOldGen       total 306176K, used 305976K [0x00000000c0000000, 0x00000000d2b00000, 0x00000000eab00000)
  object space 306176K, 99% used [0x00000000c0000000,0x00000000d2ace2c0,0x00000000d2b00000)
 Metaspace       used 65553K, committed 67136K, reserved 1114112K
  class space    used 6556K, committed 7296K, reserved 1048576K
}
Event: 24.246 GC heap after
{Heap after GC invocations=404 (full 3):
 PSYoungGen      total 3072K, used 384K [0x00000000eab00000, 0x00000000eaf00000, 0x0000000100000000)
  eden space 2560K, 0% used [0x00000000eab00000,0x00000000eab00000,0x00000000ead80000)
  from space 512K, 75% used [0x00000000eae00000,0x00000000eae60000,0x00000000eae80000)
  to   space 512K, 0% used [0x00000000eae80000,0x00000000eae80000,0x00000000eaf00000)
 ParOldGen       total 306176K, used 306120K [0x00000000c0000000, 0x00000000d2b00000, 0x00000000eab00000)
  object space 306176K, 99% used [0x00000000c0000000,0x00000000d2af22c0,0x00000000d2b00000)
 Metaspace       used 65553K, committed 67136K, reserved 1114112K
  class space    used 6556K, committed 7296K, reserved 1048576K
}
Event: 24.283 GC heap before
{Heap before GC invocations=405 (full 3):
 PSYoungGen      total 3072K, used 2847K [0x00000000eab00000, 0x00000000eaf00000, 0x0000000100000000)
  eden space 2560K, 96% used [0x00000000eab00000,0x00000000ead67df0,0x00000000ead80000)
  from space 512K, 75% used [0x00000000eae00000,0x00000000eae60000,0x00000000eae80000)
  to   space 512K, 0% used [0x00000000eae80000,0x00000000eae80000,0x00000000eaf00000)
 ParOldGen       total 306176K, used 306120K [0x00000000c0000000, 0x00000000d2b00000, 0x00000000eab00000)
  object space 306176K, 99% used [0x00000000c0000000,0x00000000d2af22c0,0x00000000d2b00000)
 Metaspace       used 65556K, committed 67136K, reserved 1114112K
  class space    used 6557K, committed 7296K, reserved 1048576K
}
Event: 24.296 GC heap after
{Heap after GC invocations=405 (full 3):
 PSYoungGen      total 3072K, used 322K [0x00000000eab00000, 0x00000000eaf00000, 0x0000000100000000)
  eden space 2560K, 0% used [0x00000000eab00000,0x00000000eab00000,0x00000000ead80000)
  from space 512K, 62% used [0x00000000eae80000,0x00000000eaed0858,0x00000000eaf00000)
  to   space 512K, 0% used [0x00000000eae00000,0x00000000eae00000,0x00000000eae80000)
 ParOldGen       total 306688K, used 306352K [0x00000000c0000000, 0x00000000d2b80000, 0x00000000eab00000)
  object space 306688K, 99% used [0x00000000c0000000,0x00000000d2b2c2d0,0x00000000d2b80000)
 Metaspace       used 65556K, committed 67136K, reserved 1114112K
  class space    used 6557K, committed 7296K, reserved 1048576K
}
Event: 24.312 GC heap before
{Heap before GC invocations=406 (full 3):
 PSYoungGen      total 3072K, used 2882K [0x00000000eab00000, 0x00000000eaf00000, 0x0000000100000000)
  eden space 2560K, 100% used [0x00000000eab00000,0x00000000ead80000,0x00000000ead80000)
  from space 512K, 62% used [0x00000000eae80000,0x00000000eaed0858,0x00000000eaf00000)
  to   space 512K, 0% used [0x00000000eae00000,0x00000000eae00000,0x00000000eae80000)
 ParOldGen       total 306688K, used 306352K [0x00000000c0000000, 0x00000000d2b80000, 0x00000000eab00000)
  object space 306688K, 99% used [0x00000000c0000000,0x00000000d2b2c2d0,0x00000000d2b80000)
 Metaspace       used 65556K, committed 67136K, reserved 1114112K
  class space    used 6557K, committed 7296K, reserved 1048576K
}
Event: 24.315 GC heap after
{Heap after GC invocations=406 (full 3):
 PSYoungGen      total 3072K, used 510K [0x00000000eab00000, 0x00000000eaf80000, 0x0000000100000000)
  eden space 2560K, 0% used [0x00000000eab00000,0x00000000eab00000,0x00000000ead80000)
  from space 512K, 99% used [0x00000000eae00000,0x00000000eae7f870,0x00000000eae80000)
  to   space 1024K, 0% used [0x00000000eae80000,0x00000000eae80000,0x00000000eaf80000)
 ParOldGen       total 307200K, used 306708K [0x00000000c0000000, 0x00000000d2c00000, 0x00000000eab00000)
  object space 307200K, 99% used [0x00000000c0000000,0x00000000d2b85300,0x00000000d2c00000)
 Metaspace       used 65556K, committed 67136K, reserved 1114112K
  class space    used 6557K, committed 7296K, reserved 1048576K
}
Event: 24.325 GC heap before
{Heap before GC invocations=407 (full 3):
 PSYoungGen      total 3072K, used 3070K [0x00000000eab00000, 0x00000000eaf80000, 0x0000000100000000)
  eden space 2560K, 100% used [0x00000000eab00000,0x00000000ead80000,0x00000000ead80000)
  from space 512K, 99% used [0x00000000eae00000,0x00000000eae7f870,0x00000000eae80000)
  to   space 1024K, 0% used [0x00000000eae80000,0x00000000eae80000,0x00000000eaf80000)
 ParOldGen       total 307200K, used 306708K [0x00000000c0000000, 0x00000000d2c00000, 0x00000000eab00000)
  object space 307200K, 99% used [0x00000000c0000000,0x00000000d2b85300,0x00000000d2c00000)
 Metaspace       used 65556K, committed 67136K, reserved 1114112K
  class space    used 6557K, committed 7296K, reserved 1048576K
}
Event: 24.327 GC heap after
{Heap after GC invocations=407 (full 3):
 PSYoungGen      total 3584K, used 846K [0x00000000eab00000, 0x00000000eaf80000, 0x0000000100000000)
  eden space 2560K, 0% used [0x00000000eab00000,0x00000000eab00000,0x00000000ead80000)
  from space 1024K, 82% used [0x00000000eae80000,0x00000000eaf53988,0x00000000eaf80000)
  to   space 1024K, 0% used [0x00000000ead80000,0x00000000ead80000,0x00000000eae80000)
 ParOldGen       total 307200K, used 307160K [0x00000000c0000000, 0x00000000d2c00000, 0x00000000eab00000)
  object space 307200K, 99% used [0x00000000c0000000,0x00000000d2bf6288,0x00000000d2c00000)
 Metaspace       used 65556K, committed 67136K, reserved 1114112K
  class space    used 6557K, committed 7296K, reserved 1048576K
}
Event: 24.343 GC heap before
{Heap before GC invocations=408 (full 3):
 PSYoungGen      total 3584K, used 3404K [0x00000000eab00000, 0x00000000eaf80000, 0x0000000100000000)
  eden space 2560K, 99% used [0x00000000eab00000,0x00000000ead7f880,0x00000000ead80000)
  from space 1024K, 82% used [0x00000000eae80000,0x00000000eaf53988,0x00000000eaf80000)
  to   space 1024K, 0% used [0x00000000ead80000,0x00000000ead80000,0x00000000eae80000)
 ParOldGen       total 307200K, used 307160K [0x00000000c0000000, 0x00000000d2c00000, 0x00000000eab00000)
  object space 307200K, 99% used [0x00000000c0000000,0x00000000d2bf6288,0x00000000d2c00000)
 Metaspace       used 65557K, committed 67136K, reserved 1114112K
  class space    used 6557K, committed 7296K, reserved 1048576K
}
Event: 24.346 GC heap after
{Heap after GC invocations=408 (full 3):
 PSYoungGen      total 3584K, used 871K [0x00000000eab00000, 0x00000000eaf80000, 0x0000000100000000)
  eden space 2560K, 0% used [0x00000000eab00000,0x00000000eab00000,0x00000000ead80000)
  from space 1024K, 85% used [0x00000000ead80000,0x00000000eae59d60,0x00000000eae80000)
  to   space 1024K, 0% used [0x00000000eae80000,0x00000000eae80000,0x00000000eaf80000)
 ParOldGen       total 307712K, used 307593K [0x00000000c0000000, 0x00000000d2c80000, 0x00000000eab00000)
  object space 307712K, 99% used [0x00000000c0000000,0x00000000d2c62550,0x00000000d2c80000)
 Metaspace       used 65557K, committed 67136K, reserved 1114112K
  class space    used 6557K, committed 7296K, reserved 1048576K
}
Event: 24.361 GC heap before
{Heap before GC invocations=409 (full 3):
 PSYoungGen      total 3584K, used 3408K [0x00000000eab00000, 0x00000000eaf80000, 0x0000000100000000)
  eden space 2560K, 99% used [0x00000000eab00000,0x00000000ead7a388,0x00000000ead80000)
  from space 1024K, 85% used [0x00000000ead80000,0x00000000eae59d60,0x00000000eae80000)
  to   space 1024K, 0% used [0x00000000eae80000,0x00000000eae80000,0x00000000eaf80000)
 ParOldGen       total 307712K, used 307593K [0x00000000c0000000, 0x00000000d2c80000, 0x00000000eab00000)
  object space 307712K, 99% used [0x00000000c0000000,0x00000000d2c62550,0x00000000d2c80000)
 Metaspace       used 65569K, committed 67136K, reserved 1114112K
  class space    used 6560K, committed 7296K, reserved 1048576K
}
Event: 24.365 GC heap after
{Heap after GC invocations=409 (full 3):
 PSYoungGen      total 3584K, used 972K [0x00000000eab00000, 0x00000000eaf80000, 0x0000000100000000)
  eden space 2560K, 0% used [0x00000000eab00000,0x00000000eab00000,0x00000000ead80000)
  from space 1024K, 94% used [0x00000000eae80000,0x00000000eaf73240,0x00000000eaf80000)
  to   space 1024K, 0% used [0x00000000ead80000,0x00000000ead80000,0x00000000eae80000)
 ParOldGen       total 308736K, used 308311K [0x00000000c0000000, 0x00000000d2d80000, 0x00000000eab00000)
  object space 308736K, 99% used [0x00000000c0000000,0x00000000d2d15cc8,0x00000000d2d80000)
 Metaspace       used 65569K, committed 67136K, reserved 1114112K
  class space    used 6560K, committed 7296K, reserved 1048576K
}
Event: 24.393 GC heap before
{Heap before GC invocations=410 (full 3):
 PSYoungGen      total 3584K, used 3532K [0x00000000eab00000, 0x00000000eaf80000, 0x0000000100000000)
  eden space 2560K, 100% used [0x00000000eab00000,0x00000000ead80000,0x00000000ead80000)
  from space 1024K, 94% used [0x00000000eae80000,0x00000000eaf73240,0x00000000eaf80000)
  to   space 1024K, 0% used [0x00000000ead80000,0x00000000ead80000,0x00000000eae80000)
 ParOldGen       total 308736K, used 308311K [0x00000000c0000000, 0x00000000d2d80000, 0x00000000eab00000)
  object space 308736K, 99% used [0x00000000c0000000,0x00000000d2d15cc8,0x00000000d2d80000)
 Metaspace       used 65571K, committed 67136K, reserved 1114112K
  class space    used 6560K, committed 7296K, reserved 1048576K
}
Event: 24.397 GC heap after
{Heap after GC invocations=410 (full 3):
 PSYoungGen      total 3584K, used 1019K [0x00000000eab00000, 0x00000000eb280000, 0x0000000100000000)
  eden space 2560K, 0% used [0x00000000eab00000,0x00000000eab00000,0x00000000ead80000)
  from space 1024K, 99% used [0x00000000ead80000,0x00000000eae7ef18,0x00000000eae80000)
  to   space 2560K, 0% used [0x00000000eb000000,0x00000000eb000000,0x00000000eb280000)
 ParOldGen       total 309248K, used 309194K [0x00000000c0000000, 0x00000000d2e00000, 0x00000000eab00000)
  object space 309248K, 99% used [0x00000000c0000000,0x00000000d2df2b88,0x00000000d2e00000)
 Metaspace       used 65571K, committed 67136K, reserved 1114112K
  class space    used 6560K, committed 7296K, reserved 1048576K
}

