# JRE version: OpenJDK Runtime Environment Temurin-21.0.7+6 (21.0.7+6) (build 21.0.7+6-LTS)
# Java VM: OpenJDK 64-Bit Server VM Temurin-21.0.7+6 (21.0.7+6-LTS, mixed mode, sharing, tiered, compressed oops, compressed class ptrs, parallel gc, windows-amd64)
GC Precious Log:
 CardTable entry size: 512
 CPUs: 8 total, 8 available
 Memory: 6091M
 Large Page Support: Disabled
 NUMA Support: Disabled
 Compressed Oops: Enabled (32-bit)
 Alignments: Space 512K, Generation 512K, Heap 2M
 Heap Min Capacity: 100M
 Heap Initial Capacity: 100M
 Heap Max Capacity: 1G
 Pre-touch: Disabled
 Parallel Workers: 8
Heap:
 PSYoungGen      total 18944K, used 6877K [0x00000000eab00000, 0x00000000ec000000, 0x0000000100000000)
  eden space 16384K, 29% used [0x00000000eab00000,0x00000000eafb4130,0x00000000ebb00000)
  from space 2560K, 80% used [0x00000000ebb00000,0x00000000ebd03390,0x00000000ebd80000)
  to   space 2560K, 0% used [0x00000000ebd80000,0x00000000ebd80000,0x00000000ec000000)
 ParOldGen       total 68608K, used 44904K [0x00000000c0000000, 0x00000000c4300000, 0x00000000eab00000)
  object space 68608K, 65% used [0x00000000c0000000,0x00000000c2bda138,0x00000000c4300000)
 Metaspace       used 51128K, committed 52480K, reserved 1114112K
  class space    used 5390K, committed 6016K, reserved 1048576K
GC Heap History (20 events):
Event: 12.896 GC heap before
{Heap before GC invocations=20 (full 2):
 PSYoungGen      total 25088K, used 24813K [0x00000000eab00000, 0x00000000ec680000, 0x0000000100000000)
  eden space 22016K, 100% used [0x00000000eab00000,0x00000000ec080000,0x00000000ec080000)
  from space 3072K, 91% used [0x00000000ec080000,0x00000000ec33b570,0x00000000ec380000)
  to   space 3072K, 0% used [0x00000000ec380000,0x00000000ec380000,0x00000000ec680000)
 ParOldGen       total 68608K, used 22531K [0x00000000c0000000, 0x00000000c4300000, 0x00000000eab00000)
  object space 68608K, 32% used [0x00000000c0000000,0x00000000c1600c60,0x00000000c4300000)
 Metaspace       used 44495K, committed 45824K, reserved 1114112K
  class space    used 4689K, committed 5312K, reserved 1048576K
}
Event: 12.904 GC heap after
{Heap after GC invocations=20 (full 2):
 PSYoungGen      total 24576K, used 2336K [0x00000000eab00000, 0x00000000ec600000, 0x0000000100000000)
  eden space 22016K, 0% used [0x00000000eab00000,0x00000000eab00000,0x00000000ec080000)
  from space 2560K, 91% used [0x00000000ec380000,0x00000000ec5c8010,0x00000000ec600000)
  to   space 2560K, 0% used [0x00000000ec100000,0x00000000ec100000,0x00000000ec380000)
 ParOldGen       total 68608K, used 25169K [0x00000000c0000000, 0x00000000c4300000, 0x00000000eab00000)
  object space 68608K, 36% used [0x00000000c0000000,0x00000000c1894538,0x00000000c4300000)
 Metaspace       used 44495K, committed 45824K, reserved 1114112K
  class space    used 4689K, committed 5312K, reserved 1048576K
}
Event: 13.169 GC heap before
{Heap before GC invocations=21 (full 2):
 PSYoungGen      total 24576K, used 24352K [0x00000000eab00000, 0x00000000ec600000, 0x0000000100000000)
  eden space 22016K, 100% used [0x00000000eab00000,0x00000000ec080000,0x00000000ec080000)
  from space 2560K, 91% used [0x00000000ec380000,0x00000000ec5c8010,0x00000000ec600000)
  to   space 2560K, 0% used [0x00000000ec100000,0x00000000ec100000,0x00000000ec380000)
 ParOldGen       total 68608K, used 25348K [0x00000000c0000000, 0x00000000c4300000, 0x00000000eab00000)
  object space 68608K, 36% used [0x00000000c0000000,0x00000000c18c12a8,0x00000000c4300000)
 Metaspace       used 45683K, committed 47040K, reserved 1114112K
  class space    used 4851K, committed 5440K, reserved 1048576K
}
Event: 13.178 GC heap after
{Heap after GC invocations=21 (full 2):
 PSYoungGen      total 24576K, used 2417K [0x00000000eab00000, 0x00000000ec580000, 0x0000000100000000)
  eden space 22016K, 0% used [0x00000000eab00000,0x00000000eab00000,0x00000000ec080000)
  from space 2560K, 94% used [0x00000000ec100000,0x00000000ec35c410,0x00000000ec380000)
  to   space 2048K, 0% used [0x00000000ec380000,0x00000000ec380000,0x00000000ec580000)
 ParOldGen       total 68608K, used 27476K [0x00000000c0000000, 0x00000000c4300000, 0x00000000eab00000)
  object space 68608K, 40% used [0x00000000c0000000,0x00000000c1ad52a8,0x00000000c4300000)
 Metaspace       used 45683K, committed 47040K, reserved 1114112K
  class space    used 4851K, committed 5440K, reserved 1048576K
}
Event: 13.388 GC heap before
{Heap before GC invocations=22 (full 2):
 PSYoungGen      total 24576K, used 24433K [0x00000000eab00000, 0x00000000ec580000, 0x0000000100000000)
  eden space 22016K, 100% used [0x00000000eab00000,0x00000000ec080000,0x00000000ec080000)
  from space 2560K, 94% used [0x00000000ec100000,0x00000000ec35c410,0x00000000ec380000)
  to   space 2048K, 0% used [0x00000000ec380000,0x00000000ec380000,0x00000000ec580000)
 ParOldGen       total 68608K, used 27480K [0x00000000c0000000, 0x00000000c4300000, 0x00000000eab00000)
  object space 68608K, 40% used [0x00000000c0000000,0x00000000c1ad60c0,0x00000000c4300000)
 Metaspace       used 46193K, committed 47488K, reserved 1114112K
  class space    used 4900K, committed 5504K, reserved 1048576K
}
Event: 13.396 GC heap after
{Heap after GC invocations=22 (full 2):
 PSYoungGen      total 22016K, used 2034K [0x00000000eab00000, 0x00000000eca80000, 0x0000000100000000)
  eden space 19968K, 0% used [0x00000000eab00000,0x00000000eab00000,0x00000000ebe80000)
  from space 2048K, 99% used [0x00000000ec380000,0x00000000ec57cbc8,0x00000000ec580000)
  to   space 5120K, 0% used [0x00000000ebe80000,0x00000000ebe80000,0x00000000ec380000)
 ParOldGen       total 68608K, used 30015K [0x00000000c0000000, 0x00000000c4300000, 0x00000000eab00000)
  object space 68608K, 43% used [0x00000000c0000000,0x00000000c1d4fde8,0x00000000c4300000)
 Metaspace       used 46193K, committed 47488K, reserved 1114112K
  class space    used 4900K, committed 5504K, reserved 1048576K
}
Event: 13.708 GC heap before
{Heap before GC invocations=23 (full 2):
 PSYoungGen      total 22016K, used 22002K [0x00000000eab00000, 0x00000000eca80000, 0x0000000100000000)
  eden space 19968K, 100% used [0x00000000eab00000,0x00000000ebe80000,0x00000000ebe80000)
  from space 2048K, 99% used [0x00000000ec380000,0x00000000ec57cbc8,0x00000000ec580000)
  to   space 5120K, 0% used [0x00000000ebe80000,0x00000000ebe80000,0x00000000ec380000)
 ParOldGen       total 68608K, used 30015K [0x00000000c0000000, 0x00000000c4300000, 0x00000000eab00000)
  object space 68608K, 43% used [0x00000000c0000000,0x00000000c1d4fde8,0x00000000c4300000)
 Metaspace       used 46460K, committed 47744K, reserved 1114112K
  class space    used 4922K, committed 5504K, reserved 1048576K
}
Event: 13.719 GC heap after
{Heap after GC invocations=23 (full 2):
 PSYoungGen      total 22528K, used 2395K [0x00000000eab00000, 0x00000000ec580000, 0x0000000100000000)
  eden space 19968K, 0% used [0x00000000eab00000,0x00000000eab00000,0x00000000ebe80000)
  from space 2560K, 93% used [0x00000000ebe80000,0x00000000ec0d6f08,0x00000000ec100000)
  to   space 3584K, 0% used [0x00000000ec200000,0x00000000ec200000,0x00000000ec580000)
 ParOldGen       total 68608K, used 31921K [0x00000000c0000000, 0x00000000c4300000, 0x00000000eab00000)
  object space 68608K, 46% used [0x00000000c0000000,0x00000000c1f2c4e0,0x00000000c4300000)
 Metaspace       used 46460K, committed 47744K, reserved 1114112K
  class space    used 4922K, committed 5504K, reserved 1048576K
}
Event: 14.053 GC heap before
{Heap before GC invocations=24 (full 2):
 PSYoungGen      total 22528K, used 22363K [0x00000000eab00000, 0x00000000ec580000, 0x0000000100000000)
  eden space 19968K, 100% used [0x00000000eab00000,0x00000000ebe80000,0x00000000ebe80000)
  from space 2560K, 93% used [0x00000000ebe80000,0x00000000ec0d6f08,0x00000000ec100000)
  to   space 3584K, 0% used [0x00000000ec200000,0x00000000ec200000,0x00000000ec580000)
 ParOldGen       total 68608K, used 31921K [0x00000000c0000000, 0x00000000c4300000, 0x00000000eab00000)
  object space 68608K, 46% used [0x00000000c0000000,0x00000000c1f2c4e0,0x00000000c4300000)
 Metaspace       used 46848K, committed 48192K, reserved 1114112K
  class space    used 4967K, committed 5568K, reserved 1048576K
}
Event: 14.062 GC heap after
{Heap after GC invocations=24 (full 2):
 PSYoungGen      total 22528K, used 2240K [0x00000000eab00000, 0x00000000ec480000, 0x0000000100000000)
  eden space 19968K, 0% used [0x00000000eab00000,0x00000000eab00000,0x00000000ebe80000)
  from space 2560K, 87% used [0x00000000ec200000,0x00000000ec430010,0x00000000ec480000)
  to   space 2560K, 0% used [0x00000000ebe80000,0x00000000ebe80000,0x00000000ec100000)
 ParOldGen       total 68608K, used 34226K [0x00000000c0000000, 0x00000000c4300000, 0x00000000eab00000)
  object space 68608K, 49% used [0x00000000c0000000,0x00000000c216c988,0x00000000c4300000)
 Metaspace       used 46848K, committed 48192K, reserved 1114112K
  class space    used 4967K, committed 5568K, reserved 1048576K
}
Event: 14.439 GC heap before
{Heap before GC invocations=25 (full 2):
 PSYoungGen      total 22528K, used 22208K [0x00000000eab00000, 0x00000000ec480000, 0x0000000100000000)
  eden space 19968K, 100% used [0x00000000eab00000,0x00000000ebe80000,0x00000000ebe80000)
  from space 2560K, 87% used [0x00000000ec200000,0x00000000ec430010,0x00000000ec480000)
  to   space 2560K, 0% used [0x00000000ebe80000,0x00000000ebe80000,0x00000000ec100000)
 ParOldGen       total 68608K, used 34226K [0x00000000c0000000, 0x00000000c4300000, 0x00000000eab00000)
  object space 68608K, 49% used [0x00000000c0000000,0x00000000c216c988,0x00000000c4300000)
 Metaspace       used 47016K, committed 48320K, reserved 1114112K
  class space    used 4981K, committed 5568K, reserved 1048576K
}
Event: 14.448 GC heap after
{Heap after GC invocations=25 (full 2):
 PSYoungGen      total 22528K, used 2124K [0x00000000eab00000, 0x00000000ec380000, 0x0000000100000000)
  eden space 19968K, 0% used [0x00000000eab00000,0x00000000eab00000,0x00000000ebe80000)
  from space 2560K, 83% used [0x00000000ebe80000,0x00000000ec093388,0x00000000ec100000)
  to   space 2560K, 0% used [0x00000000ec100000,0x00000000ec100000,0x00000000ec380000)
 ParOldGen       total 68608K, used 36370K [0x00000000c0000000, 0x00000000c4300000, 0x00000000eab00000)
  object space 68608K, 53% used [0x00000000c0000000,0x00000000c2384890,0x00000000c4300000)
 Metaspace       used 47016K, committed 48320K, reserved 1114112K
  class space    used 4981K, committed 5568K, reserved 1048576K
}
Event: 14.912 GC heap before
{Heap before GC invocations=26 (full 2):
 PSYoungGen      total 22528K, used 22092K [0x00000000eab00000, 0x00000000ec380000, 0x0000000100000000)
  eden space 19968K, 99% used [0x00000000eab00000,0x00000000ebe7fff8,0x00000000ebe80000)
  from space 2560K, 83% used [0x00000000ebe80000,0x00000000ec093388,0x00000000ec100000)
  to   space 2560K, 0% used [0x00000000ec100000,0x00000000ec100000,0x00000000ec380000)
 ParOldGen       total 68608K, used 36370K [0x00000000c0000000, 0x00000000c4300000, 0x00000000eab00000)
  object space 68608K, 53% used [0x00000000c0000000,0x00000000c2384890,0x00000000c4300000)
 Metaspace       used 47877K, committed 49216K, reserved 1114112K
  class space    used 5063K, committed 5696K, reserved 1048576K
}
Event: 14.917 GC heap after
{Heap after GC invocations=26 (full 2):
 PSYoungGen      total 19456K, used 2549K [0x00000000eab00000, 0x00000000ec980000, 0x0000000100000000)
  eden space 16896K, 0% used [0x00000000eab00000,0x00000000eab00000,0x00000000ebb80000)
  from space 2560K, 99% used [0x00000000ec100000,0x00000000ec37d738,0x00000000ec380000)
  to   space 5632K, 0% used [0x00000000ebb80000,0x00000000ebb80000,0x00000000ec100000)
 ParOldGen       total 68608K, used 38614K [0x00000000c0000000, 0x00000000c4300000, 0x00000000eab00000)
  object space 68608K, 56% used [0x00000000c0000000,0x00000000c25b5a48,0x00000000c4300000)
 Metaspace       used 47877K, committed 49216K, reserved 1114112K
  class space    used 5063K, committed 5696K, reserved 1048576K
}
Event: 15.538 GC heap before
{Heap before GC invocations=27 (full 2):
 PSYoungGen      total 19456K, used 19445K [0x00000000eab00000, 0x00000000ec980000, 0x0000000100000000)
  eden space 16896K, 100% used [0x00000000eab00000,0x00000000ebb80000,0x00000000ebb80000)
  from space 2560K, 99% used [0x00000000ec100000,0x00000000ec37d738,0x00000000ec380000)
  to   space 5632K, 0% used [0x00000000ebb80000,0x00000000ebb80000,0x00000000ec100000)
 ParOldGen       total 68608K, used 38614K [0x00000000c0000000, 0x00000000c4300000, 0x00000000eab00000)
  object space 68608K, 56% used [0x00000000c0000000,0x00000000c25b5a48,0x00000000c4300000)
 Metaspace       used 48399K, committed 49664K, reserved 1114112K
  class space    used 5112K, committed 5696K, reserved 1048576K
}
Event: 15.547 GC heap after
{Heap after GC invocations=27 (full 2):
 PSYoungGen      total 18944K, used 1560K [0x00000000eab00000, 0x00000000ec180000, 0x0000000100000000)
  eden space 16896K, 0% used [0x00000000eab00000,0x00000000eab00000,0x00000000ebb80000)
  from space 2048K, 76% used [0x00000000ebb80000,0x00000000ebd06138,0x00000000ebd80000)
  to   space 3072K, 0% used [0x00000000ebe80000,0x00000000ebe80000,0x00000000ec180000)
 ParOldGen       total 68608K, used 41073K [0x00000000c0000000, 0x00000000c4300000, 0x00000000eab00000)
  object space 68608K, 59% used [0x00000000c0000000,0x00000000c281c7a0,0x00000000c4300000)
 Metaspace       used 48399K, committed 49664K, reserved 1114112K
  class space    used 5112K, committed 5696K, reserved 1048576K
}
Event: 15.964 GC heap before
{Heap before GC invocations=28 (full 2):
 PSYoungGen      total 18944K, used 18375K [0x00000000eab00000, 0x00000000ec180000, 0x0000000100000000)
  eden space 16896K, 99% used [0x00000000eab00000,0x00000000ebb6bd30,0x00000000ebb80000)
  from space 2048K, 76% used [0x00000000ebb80000,0x00000000ebd06138,0x00000000ebd80000)
  to   space 3072K, 0% used [0x00000000ebe80000,0x00000000ebe80000,0x00000000ec180000)
 ParOldGen       total 68608K, used 41073K [0x00000000c0000000, 0x00000000c4300000, 0x00000000eab00000)
  object space 68608K, 59% used [0x00000000c0000000,0x00000000c281c7a0,0x00000000c4300000)
 Metaspace       used 49635K, committed 50880K, reserved 1114112K
  class space    used 5227K, committed 5824K, reserved 1048576K
}
Event: 15.970 GC heap after
{Heap after GC invocations=28 (full 2):
 PSYoungGen      total 19456K, used 2990K [0x00000000eab00000, 0x00000000ec280000, 0x0000000100000000)
  eden space 16384K, 0% used [0x00000000eab00000,0x00000000eab00000,0x00000000ebb00000)
  from space 3072K, 97% used [0x00000000ebe80000,0x00000000ec16bb58,0x00000000ec180000)
  to   space 3584K, 0% used [0x00000000ebb00000,0x00000000ebb00000,0x00000000ebe80000)
 ParOldGen       total 68608K, used 42475K [0x00000000c0000000, 0x00000000c4300000, 0x00000000eab00000)
  object space 68608K, 61% used [0x00000000c0000000,0x00000000c297afa0,0x00000000c4300000)
 Metaspace       used 49635K, committed 50880K, reserved 1114112K
  class space    used 5227K, committed 5824K, reserved 1048576K
}
Event: 16.581 GC heap before
{Heap before GC invocations=29 (full 2):
 PSYoungGen      total 19456K, used 19366K [0x00000000eab00000, 0x00000000ec280000, 0x0000000100000000)
  eden space 16384K, 99% used [0x00000000eab00000,0x00000000ebafdef0,0x00000000ebb00000)
  from space 3072K, 97% used [0x00000000ebe80000,0x00000000ec16bb58,0x00000000ec180000)
  to   space 3584K, 0% used [0x00000000ebb00000,0x00000000ebb00000,0x00000000ebe80000)
 ParOldGen       total 68608K, used 42475K [0x00000000c0000000, 0x00000000c4300000, 0x00000000eab00000)
  object space 68608K, 61% used [0x00000000c0000000,0x00000000c297afa0,0x00000000c4300000)
 Metaspace       used 50981K, committed 52288K, reserved 1114112K
  class space    used 5374K, committed 5952K, reserved 1048576K
}
Event: 16.588 GC heap after
{Heap after GC invocations=29 (full 2):
 PSYoungGen      total 18944K, used 2060K [0x00000000eab00000, 0x00000000ec000000, 0x0000000100000000)
  eden space 16384K, 0% used [0x00000000eab00000,0x00000000eab00000,0x00000000ebb00000)
  from space 2560K, 80% used [0x00000000ebb00000,0x00000000ebd03390,0x00000000ebd80000)
  to   space 2560K, 0% used [0x00000000ebd80000,0x00000000ebd80000,0x00000000ec000000)
 ParOldGen       total 68608K, used 44904K [0x00000000c0000000, 0x00000000c4300000, 0x00000000eab00000)
  object space 68608K, 65% used [0x00000000c0000000,0x00000000c2bda138,0x00000000c4300000)
 Metaspace       used 50981K, committed 52288K, reserved 1114112K
  class space    used 5374K, committed 5952K, reserved 1048576K
}

