# JRE version: OpenJDK Runtime Environment Temurin-21.0.7+6 (21.0.7+6) (build 21.0.7+6-LTS)
# Java VM: OpenJDK 64-Bit Server VM Temurin-21.0.7+6 (21.0.7+6-LTS, mixed mode, sharing, tiered, compressed oops, compressed class ptrs, parallel gc, windows-amd64)
GC Precious Log:
 CardTable entry size: 512
 CPUs: 8 total, 8 available
 Memory: 6091M
 Large Page Support: Disabled
 NUMA Support: Disabled
 Compressed Oops: Enabled (32-bit)
 Alignments: Space 512K, Generation 512K, Heap 2M
 Heap Min Capacity: 100M
 Heap Initial Capacity: 100M
 Heap Max Capacity: 1G
 Pre-touch: Disabled
 Parallel Workers: 8
Heap:
 PSYoungGen      total 4608K, used 4160K [0x00000000eab00000, 0x00000000eb080000, 0x0000000100000000)
  eden space 3584K, 100% used [0x00000000eab00000,0x00000000eae80000,0x00000000eae80000)
  from space 1024K, 56% used [0x00000000eae80000,0x00000000eaf10000,0x00000000eaf80000)
  to   space 1024K, 40% used [0x00000000eaf80000,0x00000000eafe8000,0x00000000eb080000)
 ParOldGen       total 430592K, used 430369K [0x00000000c0000000, 0x00000000da480000, 0x00000000eab00000)
  object space 430592K, 99% used [0x00000000c0000000,0x00000000da4484d8,0x00000000da480000)
 Metaspace       used 65154K, committed 66624K, reserved 1114112K
  class space    used 6535K, committed 7168K, reserved 1048576K
GC Heap History (20 events):
Event: 31.145 GC heap before
{Heap before GC invocations=443 (full 3):
 PSYoungGen      total 4096K, used 4096K [0x00000000eab00000, 0x00000000eb180000, 0x0000000100000000)
  eden space 3584K, 100% used [0x00000000eab00000,0x00000000eae80000,0x00000000eae80000)
  from space 512K, 100% used [0x00000000eaf00000,0x00000000eaf80000,0x00000000eaf80000)
  to   space 1536K, 0% used [0x00000000eb000000,0x00000000eb000000,0x00000000eb180000)
 ParOldGen       total 425472K, used 425035K [0x00000000c0000000, 0x00000000d9f80000, 0x00000000eab00000)
  object space 425472K, 99% used [0x00000000c0000000,0x00000000d9f12cc8,0x00000000d9f80000)
 Metaspace       used 65154K, committed 66624K, reserved 1114112K
  class space    used 6535K, committed 7168K, reserved 1048576K
}
Event: 31.147 GC heap after
{Heap after GC invocations=443 (full 3):
 PSYoungGen      total 4608K, used 608K [0x00000000eab00000, 0x00000000eb100000, 0x0000000100000000)
  eden space 3584K, 0% used [0x00000000eab00000,0x00000000eab00000,0x00000000eae80000)
  from space 1024K, 59% used [0x00000000eb000000,0x00000000eb098270,0x00000000eb100000)
  to   space 1024K, 0% used [0x00000000eaf00000,0x00000000eaf00000,0x00000000eb000000)
 ParOldGen       total 425472K, used 425459K [0x00000000c0000000, 0x00000000d9f80000, 0x00000000eab00000)
  object space 425472K, 99% used [0x00000000c0000000,0x00000000d9f7ccc8,0x00000000d9f80000)
 Metaspace       used 65154K, committed 66624K, reserved 1114112K
  class space    used 6535K, committed 7168K, reserved 1048576K
}
Event: 31.168 GC heap before
{Heap before GC invocations=444 (full 3):
 PSYoungGen      total 4608K, used 4179K [0x00000000eab00000, 0x00000000eb100000, 0x0000000100000000)
  eden space 3584K, 99% used [0x00000000eab00000,0x00000000eae7cc28,0x00000000eae80000)
  from space 1024K, 59% used [0x00000000eb000000,0x00000000eb098270,0x00000000eb100000)
  to   space 1024K, 0% used [0x00000000eaf00000,0x00000000eaf00000,0x00000000eb000000)
 ParOldGen       total 425472K, used 425459K [0x00000000c0000000, 0x00000000d9f80000, 0x00000000eab00000)
  object space 425472K, 99% used [0x00000000c0000000,0x00000000d9f7ccc8,0x00000000d9f80000)
 Metaspace       used 65154K, committed 66624K, reserved 1114112K
  class space    used 6535K, committed 7168K, reserved 1048576K
}
Event: 31.170 GC heap after
{Heap after GC invocations=444 (full 3):
 PSYoungGen      total 4608K, used 531K [0x00000000eab00000, 0x00000000eb080000, 0x0000000100000000)
  eden space 3584K, 0% used [0x00000000eab00000,0x00000000eab00000,0x00000000eae80000)
  from space 1024K, 51% used [0x00000000eaf00000,0x00000000eaf84d50,0x00000000eb000000)
  to   space 512K, 0% used [0x00000000eb000000,0x00000000eb000000,0x00000000eb080000)
 ParOldGen       total 425984K, used 425923K [0x00000000c0000000, 0x00000000da000000, 0x00000000eab00000)
  object space 425984K, 99% used [0x00000000c0000000,0x00000000d9ff0cc8,0x00000000da000000)
 Metaspace       used 65154K, committed 66624K, reserved 1114112K
  class space    used 6535K, committed 7168K, reserved 1048576K
}
Event: 31.189 GC heap before
{Heap before GC invocations=445 (full 3):
 PSYoungGen      total 4608K, used 4102K [0x00000000eab00000, 0x00000000eb080000, 0x0000000100000000)
  eden space 3584K, 99% used [0x00000000eab00000,0x00000000eae7cc30,0x00000000eae80000)
  from space 1024K, 51% used [0x00000000eaf00000,0x00000000eaf84d50,0x00000000eb000000)
  to   space 512K, 0% used [0x00000000eb000000,0x00000000eb000000,0x00000000eb080000)
 ParOldGen       total 425984K, used 425923K [0x00000000c0000000, 0x00000000da000000, 0x00000000eab00000)
  object space 425984K, 99% used [0x00000000c0000000,0x00000000d9ff0cc8,0x00000000da000000)
 Metaspace       used 65154K, committed 66624K, reserved 1114112K
  class space    used 6535K, committed 7168K, reserved 1048576K
}
Event: 31.191 GC heap after
{Heap after GC invocations=445 (full 3):
 PSYoungGen      total 4096K, used 448K [0x00000000eab00000, 0x00000000eb080000, 0x0000000100000000)
  eden space 3584K, 0% used [0x00000000eab00000,0x00000000eab00000,0x00000000eae80000)
  from space 512K, 87% used [0x00000000eb000000,0x00000000eb070000,0x00000000eb080000)
  to   space 512K, 0% used [0x00000000eaf80000,0x00000000eaf80000,0x00000000eb000000)
 ParOldGen       total 426496K, used 426291K [0x00000000c0000000, 0x00000000da080000, 0x00000000eab00000)
  object space 426496K, 99% used [0x00000000c0000000,0x00000000da04ccc8,0x00000000da080000)
 Metaspace       used 65154K, committed 66624K, reserved 1114112K
  class space    used 6535K, committed 7168K, reserved 1048576K
}
Event: 31.213 GC heap before
{Heap before GC invocations=446 (full 3):
 PSYoungGen      total 4096K, used 4032K [0x00000000eab00000, 0x00000000eb080000, 0x0000000100000000)
  eden space 3584K, 100% used [0x00000000eab00000,0x00000000eae80000,0x00000000eae80000)
  from space 512K, 87% used [0x00000000eb000000,0x00000000eb070000,0x00000000eb080000)
  to   space 512K, 0% used [0x00000000eaf80000,0x00000000eaf80000,0x00000000eb000000)
 ParOldGen       total 426496K, used 426291K [0x00000000c0000000, 0x00000000da080000, 0x00000000eab00000)
  object space 426496K, 99% used [0x00000000c0000000,0x00000000da04ccc8,0x00000000da080000)
 Metaspace       used 65154K, committed 66624K, reserved 1114112K
  class space    used 6535K, committed 7168K, reserved 1048576K
}
Event: 31.215 GC heap after
{Heap after GC invocations=446 (full 3):
 PSYoungGen      total 4096K, used 480K [0x00000000eab00000, 0x00000000eb080000, 0x0000000100000000)
  eden space 3584K, 0% used [0x00000000eab00000,0x00000000eab00000,0x00000000eae80000)
  from space 512K, 93% used [0x00000000eaf80000,0x00000000eaff8000,0x00000000eb000000)
  to   space 512K, 0% used [0x00000000eb000000,0x00000000eb000000,0x00000000eb080000)
 ParOldGen       total 427008K, used 426683K [0x00000000c0000000, 0x00000000da100000, 0x00000000eab00000)
  object space 427008K, 99% used [0x00000000c0000000,0x00000000da0aecc8,0x00000000da100000)
 Metaspace       used 65154K, committed 66624K, reserved 1114112K
  class space    used 6535K, committed 7168K, reserved 1048576K
}
Event: 31.239 GC heap before
{Heap before GC invocations=447 (full 3):
 PSYoungGen      total 4096K, used 4064K [0x00000000eab00000, 0x00000000eb080000, 0x0000000100000000)
  eden space 3584K, 100% used [0x00000000eab00000,0x00000000eae80000,0x00000000eae80000)
  from space 512K, 93% used [0x00000000eaf80000,0x00000000eaff8000,0x00000000eb000000)
  to   space 512K, 0% used [0x00000000eb000000,0x00000000eb000000,0x00000000eb080000)
 ParOldGen       total 427008K, used 426683K [0x00000000c0000000, 0x00000000da100000, 0x00000000eab00000)
  object space 427008K, 99% used [0x00000000c0000000,0x00000000da0aecc8,0x00000000da100000)
 Metaspace       used 65154K, committed 66624K, reserved 1114112K
  class space    used 6535K, committed 7168K, reserved 1048576K
}
Event: 31.241 GC heap after
{Heap after GC invocations=447 (full 3):
 PSYoungGen      total 4096K, used 512K [0x00000000eab00000, 0x00000000eb080000, 0x0000000100000000)
  eden space 3584K, 0% used [0x00000000eab00000,0x00000000eab00000,0x00000000eae80000)
  from space 512K, 100% used [0x00000000eb000000,0x00000000eb080000,0x00000000eb080000)
  to   space 1024K, 0% used [0x00000000eae80000,0x00000000eae80000,0x00000000eaf80000)
 ParOldGen       total 427520K, used 427067K [0x00000000c0000000, 0x00000000da180000, 0x00000000eab00000)
  object space 427520K, 99% used [0x00000000c0000000,0x00000000da10ecc8,0x00000000da180000)
 Metaspace       used 65154K, committed 66624K, reserved 1114112K
  class space    used 6535K, committed 7168K, reserved 1048576K
}
Event: 31.260 GC heap before
{Heap before GC invocations=448 (full 3):
 PSYoungGen      total 4096K, used 4096K [0x00000000eab00000, 0x00000000eb080000, 0x0000000100000000)
  eden space 3584K, 100% used [0x00000000eab00000,0x00000000eae80000,0x00000000eae80000)
  from space 512K, 100% used [0x00000000eb000000,0x00000000eb080000,0x00000000eb080000)
  to   space 1024K, 0% used [0x00000000eae80000,0x00000000eae80000,0x00000000eaf80000)
 ParOldGen       total 427520K, used 427067K [0x00000000c0000000, 0x00000000da180000, 0x00000000eab00000)
  object space 427520K, 99% used [0x00000000c0000000,0x00000000da10ecc8,0x00000000da180000)
 Metaspace       used 65154K, committed 66624K, reserved 1114112K
  class space    used 6535K, committed 7168K, reserved 1048576K
}
Event: 31.263 GC heap after
{Heap after GC invocations=448 (full 3):
 PSYoungGen      total 4608K, used 480K [0x00000000eab00000, 0x00000000eb080000, 0x0000000100000000)
  eden space 3584K, 0% used [0x00000000eab00000,0x00000000eab00000,0x00000000eae80000)
  from space 1024K, 46% used [0x00000000eae80000,0x00000000eaef8000,0x00000000eaf80000)
  to   space 1024K, 0% used [0x00000000eaf80000,0x00000000eaf80000,0x00000000eb080000)
 ParOldGen       total 427520K, used 427507K [0x00000000c0000000, 0x00000000da180000, 0x00000000eab00000)
  object space 427520K, 99% used [0x00000000c0000000,0x00000000da17ccc8,0x00000000da180000)
 Metaspace       used 65154K, committed 66624K, reserved 1114112K
  class space    used 6535K, committed 7168K, reserved 1048576K
}
Event: 31.281 GC heap before
{Heap before GC invocations=449 (full 3):
 PSYoungGen      total 4608K, used 4064K [0x00000000eab00000, 0x00000000eb080000, 0x0000000100000000)
  eden space 3584K, 100% used [0x00000000eab00000,0x00000000eae80000,0x00000000eae80000)
  from space 1024K, 46% used [0x00000000eae80000,0x00000000eaef8000,0x00000000eaf80000)
  to   space 1024K, 0% used [0x00000000eaf80000,0x00000000eaf80000,0x00000000eb080000)
 ParOldGen       total 427520K, used 427507K [0x00000000c0000000, 0x00000000da180000, 0x00000000eab00000)
  object space 427520K, 99% used [0x00000000c0000000,0x00000000da17ccc8,0x00000000da180000)
 Metaspace       used 65154K, committed 66624K, reserved 1114112K
  class space    used 6535K, committed 7168K, reserved 1048576K
}
Event: 31.283 GC heap after
{Heap after GC invocations=449 (full 3):
 PSYoungGen      total 4096K, used 475K [0x00000000eab00000, 0x00000000eb000000, 0x0000000100000000)
  eden space 3584K, 0% used [0x00000000eab00000,0x00000000eab00000,0x00000000eae80000)
  from space 512K, 92% used [0x00000000eaf80000,0x00000000eaff6c08,0x00000000eb000000)
  to   space 512K, 0% used [0x00000000eaf00000,0x00000000eaf00000,0x00000000eaf80000)
 ParOldGen       total 428032K, used 427859K [0x00000000c0000000, 0x00000000da200000, 0x00000000eab00000)
  object space 428032K, 99% used [0x00000000c0000000,0x00000000da1d4cc8,0x00000000da200000)
 Metaspace       used 65154K, committed 66624K, reserved 1114112K
  class space    used 6535K, committed 7168K, reserved 1048576K
}
Event: 31.304 GC heap before
{Heap before GC invocations=450 (full 3):
 PSYoungGen      total 4096K, used 4059K [0x00000000eab00000, 0x00000000eb000000, 0x0000000100000000)
  eden space 3584K, 100% used [0x00000000eab00000,0x00000000eae80000,0x00000000eae80000)
  from space 512K, 92% used [0x00000000eaf80000,0x00000000eaff6c08,0x00000000eb000000)
  to   space 512K, 0% used [0x00000000eaf00000,0x00000000eaf00000,0x00000000eaf80000)
 ParOldGen       total 428032K, used 427859K [0x00000000c0000000, 0x00000000da200000, 0x00000000eab00000)
  object space 428032K, 99% used [0x00000000c0000000,0x00000000da1d4cc8,0x00000000da200000)
 Metaspace       used 65154K, committed 66624K, reserved 1114112K
  class space    used 6535K, committed 7168K, reserved 1048576K
}
Event: 31.307 GC heap after
{Heap after GC invocations=450 (full 3):
 PSYoungGen      total 4096K, used 416K [0x00000000eab00000, 0x00000000eb000000, 0x0000000100000000)
  eden space 3584K, 0% used [0x00000000eab00000,0x00000000eab00000,0x00000000eae80000)
  from space 512K, 81% used [0x00000000eaf00000,0x00000000eaf68000,0x00000000eaf80000)
  to   space 512K, 0% used [0x00000000eaf80000,0x00000000eaf80000,0x00000000eb000000)
 ParOldGen       total 428544K, used 428225K [0x00000000c0000000, 0x00000000da280000, 0x00000000eab00000)
  object space 428544K, 99% used [0x00000000c0000000,0x00000000da2304d8,0x00000000da280000)
 Metaspace       used 65154K, committed 66624K, reserved 1114112K
  class space    used 6535K, committed 7168K, reserved 1048576K
}
Event: 31.327 GC heap before
{Heap before GC invocations=451 (full 3):
 PSYoungGen      total 4096K, used 3989K [0x00000000eab00000, 0x00000000eb000000, 0x0000000100000000)
  eden space 3584K, 99% used [0x00000000eab00000,0x00000000eae7d410,0x00000000eae80000)
  from space 512K, 81% used [0x00000000eaf00000,0x00000000eaf68000,0x00000000eaf80000)
  to   space 512K, 0% used [0x00000000eaf80000,0x00000000eaf80000,0x00000000eb000000)
 ParOldGen       total 428544K, used 428225K [0x00000000c0000000, 0x00000000da280000, 0x00000000eab00000)
  object space 428544K, 99% used [0x00000000c0000000,0x00000000da2304d8,0x00000000da280000)
 Metaspace       used 65154K, committed 66624K, reserved 1114112K
  class space    used 6535K, committed 7168K, reserved 1048576K
}
Event: 31.330 GC heap after
{Heap after GC invocations=451 (full 3):
 PSYoungGen      total 4096K, used 512K [0x00000000eab00000, 0x00000000eb080000, 0x0000000100000000)
  eden space 3584K, 0% used [0x00000000eab00000,0x00000000eab00000,0x00000000eae80000)
  from space 512K, 100% used [0x00000000eaf80000,0x00000000eb000000,0x00000000eb000000)
  to   space 1024K, 0% used [0x00000000eae80000,0x00000000eae80000,0x00000000eaf80000)
 ParOldGen       total 429056K, used 428601K [0x00000000c0000000, 0x00000000da300000, 0x00000000eab00000)
  object space 429056K, 99% used [0x00000000c0000000,0x00000000da28e4d8,0x00000000da300000)
 Metaspace       used 65154K, committed 66624K, reserved 1114112K
  class space    used 6535K, committed 7168K, reserved 1048576K
}
Event: 31.351 GC heap before
{Heap before GC invocations=452 (full 3):
 PSYoungGen      total 4096K, used 4096K [0x00000000eab00000, 0x00000000eb080000, 0x0000000100000000)
  eden space 3584K, 100% used [0x00000000eab00000,0x00000000eae80000,0x00000000eae80000)
  from space 512K, 100% used [0x00000000eaf80000,0x00000000eb000000,0x00000000eb000000)
  to   space 1024K, 0% used [0x00000000eae80000,0x00000000eae80000,0x00000000eaf80000)
 ParOldGen       total 429056K, used 428601K [0x00000000c0000000, 0x00000000da300000, 0x00000000eab00000)
  object space 429056K, 99% used [0x00000000c0000000,0x00000000da28e4d8,0x00000000da300000)
 Metaspace       used 65154K, committed 66624K, reserved 1114112K
  class space    used 6535K, committed 7168K, reserved 1048576K
}
Event: 31.353 GC heap after
{Heap after GC invocations=452 (full 3):
 PSYoungGen      total 4608K, used 512K [0x00000000eab00000, 0x00000000eb080000, 0x0000000100000000)
  eden space 3584K, 0% used [0x00000000eab00000,0x00000000eab00000,0x00000000eae80000)
  from space 1024K, 50% used [0x00000000eae80000,0x00000000eaf00000,0x00000000eaf80000)
  to   space 1024K, 0% used [0x00000000eaf80000,0x00000000eaf80000,0x00000000eb080000)
 ParOldGen       total 429568K, used 429057K [0x00000000c0000000, 0x00000000da380000, 0x00000000eab00000)
  object space 429568K, 99% used [0x00000000c0000000,0x00000000da3004d8,0x00000000da380000)
 Metaspace       used 65154K, committed 66624K, reserved 1114112K
  class space    used 6535K, committed 7168K, reserved 1048576K
}

