# JRE version: OpenJDK Runtime Environment Temurin-21.0.7+6 (21.0.7+6) (build 21.0.7+6-LTS)
# Java VM: OpenJDK 64-Bit Server VM Temurin-21.0.7+6 (21.0.7+6-LTS, mixed mode, sharing, tiered, compressed oops, compressed class ptrs, parallel gc, windows-amd64)
GC Precious Log:
 CardTable entry size: 512
 CPUs: 8 total, 8 available
 Memory: 6091M
 Large Page Support: Disabled
 NUMA Support: Disabled
 Compressed Oops: Enabled (32-bit)
 Alignments: Space 512K, Generation 512K, Heap 2M
 Heap Min Capacity: 100M
 Heap Initial Capacity: 100M
 Heap Max Capacity: 1G
 Pre-touch: Disabled
 Parallel Workers: 8
Heap:
 PSYoungGen      total 4096K, used 3902K [0x00000000eab00000, 0x00000000eb000000, 0x0000000100000000)
  eden space 3072K, 100% used [0x00000000eab00000,0x00000000eae00000,0x00000000eae00000)
  from space 1024K, 81% used [0x00000000eae00000,0x00000000eaecf998,0x00000000eaf00000)
  to   space 1024K, 78% used [0x00000000eaf00000,0x00000000eafc7ce8,0x00000000eb000000)
 ParOldGen       total 290304K, used 290245K [0x00000000c0000000, 0x00000000d1b80000, 0x00000000eab00000)
  object space 290304K, 99% used [0x00000000c0000000,0x00000000d1b714b0,0x00000000d1b80000)
 Metaspace       used 65494K, committed 67072K, reserved 1114112K
  class space    used 6562K, committed 7232K, reserved 1048576K
GC Heap History (20 events):
Event: 28.120 GC heap before
{Heap before GC invocations=320 (full 3):
 PSYoungGen      total 4096K, used 3666K [0x00000000eab00000, 0x00000000eb000000, 0x0000000100000000)
  eden space 3072K, 100% used [0x00000000eab00000,0x00000000eae00000,0x00000000eae00000)
  from space 1024K, 58% used [0x00000000eaf00000,0x00000000eaf94b88,0x00000000eb000000)
  to   space 1024K, 0% used [0x00000000eae00000,0x00000000eae00000,0x00000000eaf00000)
 ParOldGen       total 282624K, used 282204K [0x00000000c0000000, 0x00000000d1400000, 0x00000000eab00000)
  object space 282624K, 99% used [0x00000000c0000000,0x00000000d13971e8,0x00000000d1400000)
 Metaspace       used 65453K, committed 67008K, reserved 1114112K
  class space    used 6558K, committed 7232K, reserved 1048576K
}
Event: 28.129 GC heap after
{Heap after GC invocations=320 (full 3):
 PSYoungGen      total 4096K, used 629K [0x00000000eab00000, 0x00000000eb000000, 0x0000000100000000)
  eden space 3072K, 0% used [0x00000000eab00000,0x00000000eab00000,0x00000000eae00000)
  from space 1024K, 61% used [0x00000000eae00000,0x00000000eae9d628,0x00000000eaf00000)
  to   space 1024K, 0% used [0x00000000eaf00000,0x00000000eaf00000,0x00000000eb000000)
 ParOldGen       total 283136K, used 282701K [0x00000000c0000000, 0x00000000d1480000, 0x00000000eab00000)
  object space 283136K, 99% used [0x00000000c0000000,0x00000000d1413520,0x00000000d1480000)
 Metaspace       used 65453K, committed 67008K, reserved 1114112K
  class space    used 6558K, committed 7232K, reserved 1048576K
}
Event: 28.160 GC heap before
{Heap before GC invocations=321 (full 3):
 PSYoungGen      total 4096K, used 3701K [0x00000000eab00000, 0x00000000eb000000, 0x0000000100000000)
  eden space 3072K, 100% used [0x00000000eab00000,0x00000000eae00000,0x00000000eae00000)
  from space 1024K, 61% used [0x00000000eae00000,0x00000000eae9d628,0x00000000eaf00000)
  to   space 1024K, 0% used [0x00000000eaf00000,0x00000000eaf00000,0x00000000eb000000)
 ParOldGen       total 283136K, used 282701K [0x00000000c0000000, 0x00000000d1480000, 0x00000000eab00000)
  object space 283136K, 99% used [0x00000000c0000000,0x00000000d1413520,0x00000000d1480000)
 Metaspace       used 65464K, committed 67008K, reserved 1114112K
  class space    used 6560K, committed 7232K, reserved 1048576K
}
Event: 28.164 GC heap after
{Heap after GC invocations=321 (full 3):
 PSYoungGen      total 4096K, used 570K [0x00000000eab00000, 0x00000000eb000000, 0x0000000100000000)
  eden space 3072K, 0% used [0x00000000eab00000,0x00000000eab00000,0x00000000eae00000)
  from space 1024K, 55% used [0x00000000eaf00000,0x00000000eaf8eb80,0x00000000eb000000)
  to   space 1024K, 0% used [0x00000000eae00000,0x00000000eae00000,0x00000000eaf00000)
 ParOldGen       total 283648K, used 283219K [0x00000000c0000000, 0x00000000d1500000, 0x00000000eab00000)
  object space 283648K, 99% used [0x00000000c0000000,0x00000000d1494fa0,0x00000000d1500000)
 Metaspace       used 65464K, committed 67008K, reserved 1114112K
  class space    used 6560K, committed 7232K, reserved 1048576K
}
Event: 28.208 GC heap before
{Heap before GC invocations=322 (full 3):
 PSYoungGen      total 4096K, used 3642K [0x00000000eab00000, 0x00000000eb000000, 0x0000000100000000)
  eden space 3072K, 100% used [0x00000000eab00000,0x00000000eae00000,0x00000000eae00000)
  from space 1024K, 55% used [0x00000000eaf00000,0x00000000eaf8eb80,0x00000000eb000000)
  to   space 1024K, 0% used [0x00000000eae00000,0x00000000eae00000,0x00000000eaf00000)
 ParOldGen       total 283648K, used 283219K [0x00000000c0000000, 0x00000000d1500000, 0x00000000eab00000)
  object space 283648K, 99% used [0x00000000c0000000,0x00000000d1494fa0,0x00000000d1500000)
 Metaspace       used 65469K, committed 67008K, reserved 1114112K
  class space    used 6561K, committed 7232K, reserved 1048576K
}
Event: 28.214 GC heap after
{Heap after GC invocations=322 (full 3):
 PSYoungGen      total 4096K, used 832K [0x00000000eab00000, 0x00000000eb000000, 0x0000000100000000)
  eden space 3072K, 0% used [0x00000000eab00000,0x00000000eab00000,0x00000000eae00000)
  from space 1024K, 81% used [0x00000000eae00000,0x00000000eaed0000,0x00000000eaf00000)
  to   space 1024K, 0% used [0x00000000eaf00000,0x00000000eaf00000,0x00000000eb000000)
 ParOldGen       total 284160K, used 283684K [0x00000000c0000000, 0x00000000d1580000, 0x00000000eab00000)
  object space 284160K, 99% used [0x00000000c0000000,0x00000000d15093e0,0x00000000d1580000)
 Metaspace       used 65469K, committed 67008K, reserved 1114112K
  class space    used 6561K, committed 7232K, reserved 1048576K
}
Event: 28.254 GC heap before
{Heap before GC invocations=323 (full 3):
 PSYoungGen      total 4096K, used 3904K [0x00000000eab00000, 0x00000000eb000000, 0x0000000100000000)
  eden space 3072K, 100% used [0x00000000eab00000,0x00000000eae00000,0x00000000eae00000)
  from space 1024K, 81% used [0x00000000eae00000,0x00000000eaed0000,0x00000000eaf00000)
  to   space 1024K, 0% used [0x00000000eaf00000,0x00000000eaf00000,0x00000000eb000000)
 ParOldGen       total 284160K, used 283684K [0x00000000c0000000, 0x00000000d1580000, 0x00000000eab00000)
  object space 284160K, 99% used [0x00000000c0000000,0x00000000d15093e0,0x00000000d1580000)
 Metaspace       used 65473K, committed 67072K, reserved 1114112K
  class space    used 6562K, committed 7232K, reserved 1048576K
}
Event: 28.258 GC heap after
{Heap after GC invocations=323 (full 3):
 PSYoungGen      total 4096K, used 878K [0x00000000eab00000, 0x00000000eb000000, 0x0000000100000000)
  eden space 3072K, 0% used [0x00000000eab00000,0x00000000eab00000,0x00000000eae00000)
  from space 1024K, 85% used [0x00000000eaf00000,0x00000000eafdb850,0x00000000eb000000)
  to   space 1024K, 0% used [0x00000000eae00000,0x00000000eae00000,0x00000000eaf00000)
 ParOldGen       total 284672K, used 284408K [0x00000000c0000000, 0x00000000d1600000, 0x00000000eab00000)
  object space 284672K, 99% used [0x00000000c0000000,0x00000000d15be178,0x00000000d1600000)
 Metaspace       used 65473K, committed 67072K, reserved 1114112K
  class space    used 6562K, committed 7232K, reserved 1048576K
}
Event: 28.301 GC heap before
{Heap before GC invocations=324 (full 3):
 PSYoungGen      total 4096K, used 3950K [0x00000000eab00000, 0x00000000eb000000, 0x0000000100000000)
  eden space 3072K, 100% used [0x00000000eab00000,0x00000000eae00000,0x00000000eae00000)
  from space 1024K, 85% used [0x00000000eaf00000,0x00000000eafdb850,0x00000000eb000000)
  to   space 1024K, 0% used [0x00000000eae00000,0x00000000eae00000,0x00000000eaf00000)
 ParOldGen       total 284672K, used 284408K [0x00000000c0000000, 0x00000000d1600000, 0x00000000eab00000)
  object space 284672K, 99% used [0x00000000c0000000,0x00000000d15be178,0x00000000d1600000)
 Metaspace       used 65475K, committed 67072K, reserved 1114112K
  class space    used 6562K, committed 7232K, reserved 1048576K
}
Event: 28.306 GC heap after
{Heap after GC invocations=324 (full 3):
 PSYoungGen      total 4096K, used 883K [0x00000000eab00000, 0x00000000eb000000, 0x0000000100000000)
  eden space 3072K, 0% used [0x00000000eab00000,0x00000000eab00000,0x00000000eae00000)
  from space 1024K, 86% used [0x00000000eae00000,0x00000000eaedcd80,0x00000000eaf00000)
  to   space 1024K, 0% used [0x00000000eaf00000,0x00000000eaf00000,0x00000000eb000000)
 ParOldGen       total 285184K, used 285173K [0x00000000c0000000, 0x00000000d1680000, 0x00000000eab00000)
  object space 285184K, 99% used [0x00000000c0000000,0x00000000d167d4f0,0x00000000d1680000)
 Metaspace       used 65475K, committed 67072K, reserved 1114112K
  class space    used 6562K, committed 7232K, reserved 1048576K
}
Event: 28.347 GC heap before
{Heap before GC invocations=325 (full 3):
 PSYoungGen      total 4096K, used 3955K [0x00000000eab00000, 0x00000000eb000000, 0x0000000100000000)
  eden space 3072K, 100% used [0x00000000eab00000,0x00000000eae00000,0x00000000eae00000)
  from space 1024K, 86% used [0x00000000eae00000,0x00000000eaedcd80,0x00000000eaf00000)
  to   space 1024K, 0% used [0x00000000eaf00000,0x00000000eaf00000,0x00000000eb000000)
 ParOldGen       total 285184K, used 285173K [0x00000000c0000000, 0x00000000d1680000, 0x00000000eab00000)
  object space 285184K, 99% used [0x00000000c0000000,0x00000000d167d4f0,0x00000000d1680000)
 Metaspace       used 65478K, committed 67072K, reserved 1114112K
  class space    used 6562K, committed 7232K, reserved 1048576K
}
Event: 28.354 GC heap after
{Heap after GC invocations=325 (full 3):
 PSYoungGen      total 4096K, used 896K [0x00000000eab00000, 0x00000000eb000000, 0x0000000100000000)
  eden space 3072K, 0% used [0x00000000eab00000,0x00000000eab00000,0x00000000eae00000)
  from space 1024K, 87% used [0x00000000eaf00000,0x00000000eafe0000,0x00000000eb000000)
  to   space 1024K, 0% used [0x00000000eae00000,0x00000000eae00000,0x00000000eaf00000)
 ParOldGen       total 286208K, used 285907K [0x00000000c0000000, 0x00000000d1780000, 0x00000000eab00000)
  object space 286208K, 99% used [0x00000000c0000000,0x00000000d1734fb0,0x00000000d1780000)
 Metaspace       used 65478K, committed 67072K, reserved 1114112K
  class space    used 6562K, committed 7232K, reserved 1048576K
}
Event: 28.387 GC heap before
{Heap before GC invocations=326 (full 3):
 PSYoungGen      total 4096K, used 3968K [0x00000000eab00000, 0x00000000eb000000, 0x0000000100000000)
  eden space 3072K, 100% used [0x00000000eab00000,0x00000000eae00000,0x00000000eae00000)
  from space 1024K, 87% used [0x00000000eaf00000,0x00000000eafe0000,0x00000000eb000000)
  to   space 1024K, 0% used [0x00000000eae00000,0x00000000eae00000,0x00000000eaf00000)
 ParOldGen       total 286208K, used 285907K [0x00000000c0000000, 0x00000000d1780000, 0x00000000eab00000)
  object space 286208K, 99% used [0x00000000c0000000,0x00000000d1734fb0,0x00000000d1780000)
 Metaspace       used 65478K, committed 67072K, reserved 1114112K
  class space    used 6562K, committed 7232K, reserved 1048576K
}
Event: 28.391 GC heap after
{Heap after GC invocations=326 (full 3):
 PSYoungGen      total 4096K, used 864K [0x00000000eab00000, 0x00000000eb000000, 0x0000000100000000)
  eden space 3072K, 0% used [0x00000000eab00000,0x00000000eab00000,0x00000000eae00000)
  from space 1024K, 84% used [0x00000000eae00000,0x00000000eaed8298,0x00000000eaf00000)
  to   space 1024K, 0% used [0x00000000eaf00000,0x00000000eaf00000,0x00000000eb000000)
 ParOldGen       total 286720K, used 286620K [0x00000000c0000000, 0x00000000d1800000, 0x00000000eab00000)
  object space 286720K, 99% used [0x00000000c0000000,0x00000000d17e7300,0x00000000d1800000)
 Metaspace       used 65478K, committed 67072K, reserved 1114112K
  class space    used 6562K, committed 7232K, reserved 1048576K
}
Event: 28.438 GC heap before
{Heap before GC invocations=327 (full 3):
 PSYoungGen      total 4096K, used 3936K [0x00000000eab00000, 0x00000000eb000000, 0x0000000100000000)
  eden space 3072K, 100% used [0x00000000eab00000,0x00000000eae00000,0x00000000eae00000)
  from space 1024K, 84% used [0x00000000eae00000,0x00000000eaed8298,0x00000000eaf00000)
  to   space 1024K, 0% used [0x00000000eaf00000,0x00000000eaf00000,0x00000000eb000000)
 ParOldGen       total 286720K, used 286620K [0x00000000c0000000, 0x00000000d1800000, 0x00000000eab00000)
  object space 286720K, 99% used [0x00000000c0000000,0x00000000d17e7300,0x00000000d1800000)
 Metaspace       used 65478K, committed 67072K, reserved 1114112K
  class space    used 6562K, committed 7232K, reserved 1048576K
}
Event: 28.443 GC heap after
{Heap after GC invocations=327 (full 3):
 PSYoungGen      total 4096K, used 885K [0x00000000eab00000, 0x00000000eb000000, 0x0000000100000000)
  eden space 3072K, 0% used [0x00000000eab00000,0x00000000eab00000,0x00000000eae00000)
  from space 1024K, 86% used [0x00000000eaf00000,0x00000000eafdd5c0,0x00000000eb000000)
  to   space 1024K, 0% used [0x00000000eae00000,0x00000000eae00000,0x00000000eaf00000)
 ParOldGen       total 287744K, used 287355K [0x00000000c0000000, 0x00000000d1900000, 0x00000000eab00000)
  object space 287744K, 99% used [0x00000000c0000000,0x00000000d189ece8,0x00000000d1900000)
 Metaspace       used 65478K, committed 67072K, reserved 1114112K
  class space    used 6562K, committed 7232K, reserved 1048576K
}
Event: 28.510 GC heap before
{Heap before GC invocations=328 (full 3):
 PSYoungGen      total 4096K, used 3957K [0x00000000eab00000, 0x00000000eb000000, 0x0000000100000000)
  eden space 3072K, 100% used [0x00000000eab00000,0x00000000eae00000,0x00000000eae00000)
  from space 1024K, 86% used [0x00000000eaf00000,0x00000000eafdd5c0,0x00000000eb000000)
  to   space 1024K, 0% used [0x00000000eae00000,0x00000000eae00000,0x00000000eaf00000)
 ParOldGen       total 287744K, used 287355K [0x00000000c0000000, 0x00000000d1900000, 0x00000000eab00000)
  object space 287744K, 99% used [0x00000000c0000000,0x00000000d189ece8,0x00000000d1900000)
 Metaspace       used 65482K, committed 67072K, reserved 1114112K
  class space    used 6562K, committed 7232K, reserved 1048576K
}
Event: 28.514 GC heap after
{Heap after GC invocations=328 (full 3):
 PSYoungGen      total 4096K, used 851K [0x00000000eab00000, 0x00000000eb000000, 0x0000000100000000)
  eden space 3072K, 0% used [0x00000000eab00000,0x00000000eab00000,0x00000000eae00000)
  from space 1024K, 83% used [0x00000000eae00000,0x00000000eaed4d78,0x00000000eaf00000)
  to   space 1024K, 0% used [0x00000000eaf00000,0x00000000eaf00000,0x00000000eb000000)
 ParOldGen       total 288256K, used 288135K [0x00000000c0000000, 0x00000000d1980000, 0x00000000eab00000)
  object space 288256K, 99% used [0x00000000c0000000,0x00000000d1961e30,0x00000000d1980000)
 Metaspace       used 65482K, committed 67072K, reserved 1114112K
  class space    used 6562K, committed 7232K, reserved 1048576K
}
Event: 28.542 GC heap before
{Heap before GC invocations=329 (full 3):
 PSYoungGen      total 4096K, used 3923K [0x00000000eab00000, 0x00000000eb000000, 0x0000000100000000)
  eden space 3072K, 100% used [0x00000000eab00000,0x00000000eae00000,0x00000000eae00000)
  from space 1024K, 83% used [0x00000000eae00000,0x00000000eaed4d78,0x00000000eaf00000)
  to   space 1024K, 0% used [0x00000000eaf00000,0x00000000eaf00000,0x00000000eb000000)
 ParOldGen       total 288256K, used 288135K [0x00000000c0000000, 0x00000000d1980000, 0x00000000eab00000)
  object space 288256K, 99% used [0x00000000c0000000,0x00000000d1961e30,0x00000000d1980000)
 Metaspace       used 65483K, committed 67072K, reserved 1114112K
  class space    used 6562K, committed 7232K, reserved 1048576K
}
Event: 28.545 GC heap after
{Heap after GC invocations=329 (full 3):
 PSYoungGen      total 4096K, used 880K [0x00000000eab00000, 0x00000000eb000000, 0x0000000100000000)
  eden space 3072K, 0% used [0x00000000eab00000,0x00000000eab00000,0x00000000eae00000)
  from space 1024K, 85% used [0x00000000eaf00000,0x00000000eafdc008,0x00000000eb000000)
  to   space 1024K, 0% used [0x00000000eae00000,0x00000000eae00000,0x00000000eaf00000)
 ParOldGen       total 289280K, used 288810K [0x00000000c0000000, 0x00000000d1a80000, 0x00000000eab00000)
  object space 289280K, 99% used [0x00000000c0000000,0x00000000d1a0a8e0,0x00000000d1a80000)
 Metaspace       used 65483K, committed 67072K, reserved 1114112K
  class space    used 6562K, committed 7232K, reserved 1048576K
}

