# JRE version: Java(TM) SE Runtime Environment (17.0.9+11) (build 17.0.9+11-LTS-201)
# Java VM: Java HotSpot(TM) 64-Bit Server VM (17.0.9+11-LTS-201, mixed mode, sharing, tiered, compressed oops, compressed class ptrs, g1 gc, windows-amd64)
GC Precious Log:
 CPUs: 8 total, 8 available
 Memory: 6091M
 Large Page Support: Disabled
 NUMA Support: Disabled
 Compressed Oops: Enabled (32-bit)
 Heap Region Size: 1M
 Heap Min Capacity: 8M
 Heap Initial Capacity: 96M
 Heap Max Capacity: 1524M
 Pre-touch: Disabled
 Parallel Workers: 8
 Concurrent Workers: 2
 Concurrent Refinement Workers: 8
 Periodic GC: Disabled
Heap:
 garbage-first heap   total 121856K, used 70925K [0x00000000a0c00000, 0x0000000100000000)
  region size 1024K, 4 young (4096K), 4 survivors (4096K)
 Metaspace       used 32891K, committed 33344K, reserved 1114112K
  class space    used 4196K, committed 4416K, reserved 1048576K
GC Heap History (20 events):
Event: 30.081 GC heap after
{Heap after GC invocations=11 (full 0):
 garbage-first heap   total 118784K, used 52942K [0x00000000a0c00000, 0x0000000100000000)
  region size 1024K, 5 young (5120K), 5 survivors (5120K)
 Metaspace       used 20318K, committed 20608K, reserved 1114112K
  class space    used 2509K, committed 2624K, reserved 1048576K
}
Event: 32.041 GC heap before
{Heap before GC invocations=11 (full 0):
 garbage-first heap   total 118784K, used 78542K [0x00000000a0c00000, 0x0000000100000000)
  region size 1024K, 31 young (31744K), 5 survivors (5120K)
 Metaspace       used 21302K, committed 21504K, reserved 1114112K
  class space    used 2598K, committed 2688K, reserved 1048576K
}
Event: 32.049 GC heap after
{Heap after GC invocations=12 (full 0):
 garbage-first heap   total 118784K, used 55792K [0x00000000a0c00000, 0x0000000100000000)
  region size 1024K, 3 young (3072K), 3 survivors (3072K)
 Metaspace       used 21302K, committed 21504K, reserved 1114112K
  class space    used 2598K, committed 2688K, reserved 1048576K
}
Event: 42.951 GC heap before
{Heap before GC invocations=13 (full 0):
 garbage-first heap   total 118784K, used 94704K [0x00000000a0c00000, 0x0000000100000000)
  region size 1024K, 41 young (41984K), 3 survivors (3072K)
 Metaspace       used 24638K, committed 25024K, reserved 1114112K
  class space    used 3038K, committed 3200K, reserved 1048576K
}
Event: 42.958 GC heap after
{Heap after GC invocations=14 (full 0):
 garbage-first heap   total 118784K, used 58488K [0x00000000a0c00000, 0x0000000100000000)
  region size 1024K, 6 young (6144K), 6 survivors (6144K)
 Metaspace       used 24638K, committed 25024K, reserved 1114112K
  class space    used 3038K, committed 3200K, reserved 1048576K
}
Event: 43.068 GC heap before
{Heap before GC invocations=14 (full 0):
 garbage-first heap   total 118784K, used 59512K [0x00000000a0c00000, 0x0000000100000000)
  region size 1024K, 7 young (7168K), 6 survivors (6144K)
 Metaspace       used 24834K, committed 25152K, reserved 1114112K
  class space    used 3056K, committed 3200K, reserved 1048576K
}
Event: 43.074 GC heap after
{Heap after GC invocations=15 (full 0):
 garbage-first heap   total 118784K, used 58385K [0x00000000a0c00000, 0x0000000100000000)
  region size 1024K, 1 young (1024K), 1 survivors (1024K)
 Metaspace       used 24834K, committed 25152K, reserved 1114112K
  class space    used 3056K, committed 3200K, reserved 1048576K
}
Event: 45.801 GC heap before
{Heap before GC invocations=15 (full 0):
 garbage-first heap   total 118784K, used 95249K [0x00000000a0c00000, 0x0000000100000000)
  region size 1024K, 37 young (37888K), 1 survivors (1024K)
 Metaspace       used 26713K, committed 27072K, reserved 1114112K
  class space    used 3346K, committed 3520K, reserved 1048576K
}
Event: 45.807 GC heap after
{Heap after GC invocations=16 (full 0):
 garbage-first heap   total 118784K, used 61063K [0x00000000a0c00000, 0x0000000100000000)
  region size 1024K, 4 young (4096K), 4 survivors (4096K)
 Metaspace       used 26713K, committed 27072K, reserved 1114112K
  class space    used 3346K, committed 3520K, reserved 1048576K
}
Event: 46.021 GC heap before
{Heap before GC invocations=17 (full 0):
 garbage-first heap   total 121856K, used 95879K [0x00000000a0c00000, 0x0000000100000000)
  region size 1024K, 38 young (38912K), 4 survivors (4096K)
 Metaspace       used 26713K, committed 27072K, reserved 1114112K
  class space    used 3346K, committed 3520K, reserved 1048576K
}
Event: 46.027 GC heap after
{Heap after GC invocations=18 (full 0):
 garbage-first heap   total 121856K, used 64876K [0x00000000a0c00000, 0x0000000100000000)
  region size 1024K, 4 young (4096K), 4 survivors (4096K)
 Metaspace       used 26713K, committed 27072K, reserved 1114112K
  class space    used 3346K, committed 3520K, reserved 1048576K
}
Event: 46.031 GC heap before
{Heap before GC invocations=18 (full 0):
 garbage-first heap   total 121856K, used 65900K [0x00000000a0c00000, 0x0000000100000000)
  region size 1024K, 5 young (5120K), 4 survivors (4096K)
 Metaspace       used 26713K, committed 27072K, reserved 1114112K
  class space    used 3346K, committed 3520K, reserved 1048576K
}
Event: 46.035 GC heap after
{Heap after GC invocations=19 (full 0):
 garbage-first heap   total 121856K, used 65096K [0x00000000a0c00000, 0x0000000100000000)
  region size 1024K, 1 young (1024K), 1 survivors (1024K)
 Metaspace       used 26713K, committed 27072K, reserved 1114112K
  class space    used 3346K, committed 3520K, reserved 1048576K
}
Event: 46.970 GC heap before
{Heap before GC invocations=19 (full 0):
 garbage-first heap   total 121856K, used 99912K [0x00000000a0c00000, 0x0000000100000000)
  region size 1024K, 35 young (35840K), 1 survivors (1024K)
 Metaspace       used 26764K, committed 27136K, reserved 1114112K
  class space    used 3352K, committed 3520K, reserved 1048576K
}
Event: 46.973 GC heap after
{Heap after GC invocations=20 (full 0):
 garbage-first heap   total 121856K, used 66550K [0x00000000a0c00000, 0x0000000100000000)
  region size 1024K, 2 young (2048K), 2 survivors (2048K)
 Metaspace       used 26764K, committed 27136K, reserved 1114112K
  class space    used 3352K, committed 3520K, reserved 1048576K
}
Event: 48.410 GC heap before
{Heap before GC invocations=21 (full 0):
 garbage-first heap   total 121856K, used 100342K [0x00000000a0c00000, 0x0000000100000000)
  region size 1024K, 35 young (35840K), 2 survivors (2048K)
 Metaspace       used 28112K, committed 28480K, reserved 1114112K
  class space    used 3510K, committed 3712K, reserved 1048576K
}
Event: 48.415 GC heap after
{Heap after GC invocations=22 (full 0):
 garbage-first heap   total 121856K, used 67947K [0x00000000a0c00000, 0x0000000100000000)
  region size 1024K, 4 young (4096K), 4 survivors (4096K)
 Metaspace       used 28112K, committed 28480K, reserved 1114112K
  class space    used 3510K, committed 3712K, reserved 1048576K
}
Event: 48.466 GC heap before
{Heap before GC invocations=22 (full 0):
 garbage-first heap   total 121856K, used 68971K [0x00000000a0c00000, 0x0000000100000000)
  region size 1024K, 5 young (5120K), 4 survivors (4096K)
 Metaspace       used 28194K, committed 28544K, reserved 1114112K
  class space    used 3522K, committed 3712K, reserved 1048576K
}
Event: 48.471 GC heap after
{Heap after GC invocations=23 (full 0):
 garbage-first heap   total 121856K, used 68005K [0x00000000a0c00000, 0x0000000100000000)
  region size 1024K, 1 young (1024K), 1 survivors (1024K)
 Metaspace       used 28194K, committed 28544K, reserved 1114112K
  class space    used 3522K, committed 3712K, reserved 1048576K
}
Event: 52.258 GC heap before
{Heap before GC invocations=23 (full 0):
 garbage-first heap   total 121856K, used 100773K [0x00000000a0c00000, 0x0000000100000000)
  region size 1024K, 33 young (33792K), 1 survivors (1024K)
 Metaspace       used 32891K, committed 33344K, reserved 1114112K
  class space    used 4196K, committed 4416K, reserved 1048576K
}

