# JRE version: Java(TM) SE Runtime Environment (17.0.9+11) (build 17.0.9+11-LTS-201)
# Java VM: Java HotSpot(TM) 64-Bit Server VM (17.0.9+11-LTS-201, mixed mode, sharing, tiered, compressed oops, compressed class ptrs, g1 gc, windows-amd64)
GC Precious Log:
 CPUs: 8 total, 8 available
 Memory: 6091M
 Large Page Support: Disabled
 NUMA Support: Disabled
 Compressed Oops: Enabled (32-bit)
 Heap Region Size: 1M
 Heap Min Capacity: 8M
 Heap Initial Capacity: 96M
 Heap Max Capacity: 1524M
 Pre-touch: Disabled
 Parallel Workers: 8
 Concurrent Workers: 2
 Concurrent Refinement Workers: 8
 Periodic GC: Disabled
Heap:
 garbage-first heap   total 122880K, used 69905K [0x00000000a0c00000, 0x0000000100000000)
  region size 1024K, 2 young (2048K), 2 survivors (2048K)
 Metaspace       used 30367K, committed 30848K, reserved 1114112K
  class space    used 3804K, committed 4032K, reserved 1048576K
GC Heap History (20 events):
Event: 16.760 GC heap after
{Heap after GC invocations=11 (full 0):
 garbage-first heap   total 118784K, used 53598K [0x00000000a0c00000, 0x0000000100000000)
  region size 1024K, 5 young (5120K), 5 survivors (5120K)
 Metaspace       used 21049K, committed 21440K, reserved 1114112K
  class space    used 2607K, committed 2816K, reserved 1048576K
}
Event: 17.936 GC heap before
{Heap before GC invocations=11 (full 0):
 garbage-first heap   total 118784K, used 75102K [0x00000000a0c00000, 0x0000000100000000)
  region size 1024K, 27 young (27648K), 5 survivors (5120K)
 Metaspace       used 21167K, committed 21504K, reserved 1114112K
  class space    used 2610K, committed 2816K, reserved 1048576K
}
Event: 17.945 GC heap after
{Heap after GC invocations=12 (full 0):
 garbage-first heap   total 118784K, used 55296K [0x00000000a0c00000, 0x0000000100000000)
  region size 1024K, 2 young (2048K), 2 survivors (2048K)
 Metaspace       used 21167K, committed 21504K, reserved 1114112K
  class space    used 2610K, committed 2816K, reserved 1048576K
}
Event: 22.329 GC heap before
{Heap before GC invocations=13 (full 0):
 garbage-first heap   total 118784K, used 95232K [0x00000000a0c00000, 0x0000000100000000)
  region size 1024K, 41 young (41984K), 2 survivors (2048K)
 Metaspace       used 24215K, committed 24576K, reserved 1114112K
  class space    used 2980K, committed 3200K, reserved 1048576K
}
Event: 22.337 GC heap after
{Heap after GC invocations=14 (full 0):
 garbage-first heap   total 118784K, used 58812K [0x00000000a0c00000, 0x0000000100000000)
  region size 1024K, 6 young (6144K), 6 survivors (6144K)
 Metaspace       used 24215K, committed 24576K, reserved 1114112K
  class space    used 2980K, committed 3200K, reserved 1048576K
}
Event: 22.391 GC heap before
{Heap before GC invocations=14 (full 0):
 garbage-first heap   total 118784K, used 59836K [0x00000000a0c00000, 0x0000000100000000)
  region size 1024K, 7 young (7168K), 6 survivors (6144K)
 Metaspace       used 24225K, committed 24640K, reserved 1114112K
  class space    used 2982K, committed 3200K, reserved 1048576K
}
Event: 22.397 GC heap after
{Heap after GC invocations=15 (full 0):
 garbage-first heap   total 118784K, used 59019K [0x00000000a0c00000, 0x0000000100000000)
  region size 1024K, 1 young (1024K), 1 survivors (1024K)
 Metaspace       used 24225K, committed 24640K, reserved 1114112K
  class space    used 2982K, committed 3200K, reserved 1048576K
}
Event: 25.027 GC heap before
{Heap before GC invocations=15 (full 0):
 garbage-first heap   total 118784K, used 95883K [0x00000000a0c00000, 0x0000000100000000)
  region size 1024K, 37 young (37888K), 1 survivors (1024K)
 Metaspace       used 27522K, committed 27904K, reserved 1114112K
  class space    used 3446K, committed 3648K, reserved 1048576K
}
Event: 25.035 GC heap after
{Heap after GC invocations=16 (full 0):
 garbage-first heap   total 118784K, used 60993K [0x00000000a0c00000, 0x0000000100000000)
  region size 1024K, 3 young (3072K), 3 survivors (3072K)
 Metaspace       used 27522K, committed 27904K, reserved 1114112K
  class space    used 3446K, committed 3648K, reserved 1048576K
}
Event: 25.372 GC heap before
{Heap before GC invocations=17 (full 0):
 garbage-first heap   total 118784K, used 96833K [0x00000000a0c00000, 0x0000000100000000)
  region size 1024K, 38 young (38912K), 3 survivors (3072K)
 Metaspace       used 27522K, committed 27904K, reserved 1114112K
  class space    used 3446K, committed 3648K, reserved 1048576K
}
Event: 25.380 GC heap after
{Heap after GC invocations=18 (full 0):
 garbage-first heap   total 118784K, used 65035K [0x00000000a0c00000, 0x0000000100000000)
  region size 1024K, 4 young (4096K), 4 survivors (4096K)
 Metaspace       used 27522K, committed 27904K, reserved 1114112K
  class space    used 3446K, committed 3648K, reserved 1048576K
}
Event: 25.385 GC heap before
{Heap before GC invocations=18 (full 0):
 garbage-first heap   total 118784K, used 66059K [0x00000000a0c00000, 0x0000000100000000)
  region size 1024K, 5 young (5120K), 4 survivors (4096K)
 Metaspace       used 27522K, committed 27904K, reserved 1114112K
  class space    used 3446K, committed 3648K, reserved 1048576K
}
Event: 25.390 GC heap after
{Heap after GC invocations=19 (full 0):
 garbage-first heap   total 118784K, used 64856K [0x00000000a0c00000, 0x0000000100000000)
  region size 1024K, 1 young (1024K), 1 survivors (1024K)
 Metaspace       used 27522K, committed 27904K, reserved 1114112K
  class space    used 3446K, committed 3648K, reserved 1048576K
}
Event: 25.878 GC heap before
{Heap before GC invocations=19 (full 0):
 garbage-first heap   total 118784K, used 96600K [0x00000000a0c00000, 0x0000000100000000)
  region size 1024K, 32 young (32768K), 1 survivors (1024K)
 Metaspace       used 27536K, committed 27904K, reserved 1114112K
  class space    used 3447K, committed 3648K, reserved 1048576K
}
Event: 25.883 GC heap after
{Heap after GC invocations=20 (full 0):
 garbage-first heap   total 118784K, used 67155K [0x00000000a0c00000, 0x0000000100000000)
  region size 1024K, 3 young (3072K), 3 survivors (3072K)
 Metaspace       used 27536K, committed 27904K, reserved 1114112K
  class space    used 3447K, committed 3648K, reserved 1048576K
}
Event: 27.542 GC heap before
{Heap before GC invocations=21 (full 0):
 garbage-first heap   total 122880K, used 97875K [0x00000000a0c00000, 0x0000000100000000)
  region size 1024K, 33 young (33792K), 3 survivors (3072K)
 Metaspace       used 28123K, committed 28480K, reserved 1114112K
  class space    used 3509K, committed 3712K, reserved 1048576K
}
Event: 27.547 GC heap after
{Heap after GC invocations=22 (full 0):
 garbage-first heap   total 122880K, used 68608K [0x00000000a0c00000, 0x0000000100000000)
  region size 1024K, 4 young (4096K), 4 survivors (4096K)
 Metaspace       used 28123K, committed 28480K, reserved 1114112K
  class space    used 3509K, committed 3712K, reserved 1048576K
}
Event: 27.878 GC heap before
{Heap before GC invocations=22 (full 0):
 garbage-first heap   total 122880K, used 70656K [0x00000000a0c00000, 0x0000000100000000)
  region size 1024K, 6 young (6144K), 4 survivors (4096K)
 Metaspace       used 28445K, committed 28800K, reserved 1114112K
  class space    used 3535K, committed 3712K, reserved 1048576K
}
Event: 27.886 GC heap after
{Heap after GC invocations=23 (full 0):
 garbage-first heap   total 122880K, used 68647K [0x00000000a0c00000, 0x0000000100000000)
  region size 1024K, 1 young (1024K), 1 survivors (1024K)
 Metaspace       used 28445K, committed 28800K, reserved 1114112K
  class space    used 3535K, committed 3712K, reserved 1048576K
}
Event: 32.945 GC heap before
{Heap before GC invocations=23 (full 0):
 garbage-first heap   total 122880K, used 101415K [0x00000000a0c00000, 0x0000000100000000)
  region size 1024K, 33 young (33792K), 1 survivors (1024K)
 Metaspace       used 30367K, committed 30848K, reserved 1114112K
  class space    used 3804K, committed 4032K, reserved 1048576K
}

